<?xml version="1.0" encoding="UTF-8"?>
<testsuites name="OrangeHRM_TestSuite_Search_002" time="36.165" tests="12" failures="0" errors="0">
   <testsuite name="OrangeHRM_TestSuite_Search_002" tests="12" failures="0" errors="0" time="36.165" skipped="0" timestamp="31-01-2024T21:28:28" hostname="racericon - racer" id="Test Suites/OrangeHRM_TestSuite/DataDrivenTests/OrangeHRM_TestSuite_Search_002">
      <properties>
         <property name="deviceName" value=""/>
         <property name="devicePlatform" value=""/>
         <property name="logFolder" value="/home/racericon/git/SI-GuidedProject-704078-1704718618/Reports/20240131_212813/OrangeHRM_TestSuite/DataDrivenTests/OrangeHRM_TestSuite_Search_002/20240131_212823"/>
         <property name="logFiles" value="/home/racericon/git/SI-GuidedProject-704078-1704718618/Reports/20240131_212813/OrangeHRM_TestSuite/DataDrivenTests/OrangeHRM_TestSuite_Search_002/20240131_212823/execution0.log"/>
         <property name="attachments" value=""/>
         <property name="hostName" value="racericon - racer"/>
         <property name="os" value="Linux 64bit"/>
         <property name="katalonVersion" value="9.2.0.212"/>
         <property name="browser" value="Firefox 115.0"/>
         <property name="hostAddress" value="127.0.1.1"/>
         <property name="sessionId" value="35c06e41-6a49-4405-8f05-d5dbbf1ee7d4"/>
         <property name="seleniumVersion" value="3.141.59"/>
         <property name="proxyInformation" value="ProxyInformation { proxyOption=NO_PROXY, proxyServerType=HTTP, username=, password=********, proxyServerAddress=, proxyServerPort=0, executionList=&quot;&quot;, isApplyToDesiredCapabilities=true }"/>
         <property name="platform" value="Linux"/>
      </properties>
      <testcase name="Test Cases/Data Driven/TC_OrangeHRM_Search_004" time="1.803" classname="Test Cases/Data Driven/TC_OrangeHRM_Search_004" status="PASSED">
         <system-out><![CDATA[31-01-2024T21:28:44 - [TEST_CASE][PASSED] - Test Cases/Data Driven/TC_OrangeHRM_Search_004: Test Cases/Data Driven/TC_OrangeHRM_Search_004

31-01-2024T21:28:44 - [TEST_STEP][PASSED] - Start listener action : sampleBeforeTestCase: null

31-01-2024T21:28:44 - [TEST_STEP][PASSED] - println(testCaseContext.getTestCaseId()): null

31-01-2024T21:28:44 - [TEST_STEP][PASSED] - println(testCaseContext.getTestCaseVariables()): null

31-01-2024T21:28:44 - [TEST_STEP][PASSED] - Start setup action : setupTestCase: Method 'setupTestCase' complete successfully

31-01-2024T21:28:44 - [TEST_STEP][PASSED] - commonUtils.Utils.clearText(findTestObject("OrangeHRMPages/OrangeHRM_Search_OR/input_Admin_oxd-input oxd-input--focus")): commonUtils.Utils.clearText is PASSED

31-01-2024T21:28:45 - [MESSAGE][PASSED] - Keys 'CONTROL + a' sent to object: 'Object Repository/OrangeHRMPages/OrangeHRM_Search_OR/input_Admin_oxd-input oxd-input--focus'

31-01-2024T21:28:45 - [MESSAGE][PASSED] - Keys 'BACK_SPACE + ' sent to object: 'Object Repository/OrangeHRMPages/OrangeHRM_Search_OR/input_Admin_oxd-input oxd-input--focus'

31-01-2024T21:28:45 - [MESSAGE][PASSED] - commonUtils.Utils.clearText is PASSED

31-01-2024T21:28:45 - [MESSAGE][PASSED] - Method 'setupTestCase' complete successfully

31-01-2024T21:28:45 - [TEST_STEP][PASSED] - setText(findTestObject("Object Repository/OrangeHRMPages/OrangeHRM_Search_OR/input_Admin_oxd-input oxd-input--focus"), searchItem): Text 'Admin' is set on object 'Object Repository/OrangeHRMPages/OrangeHRM_Search_OR/input_Admin_oxd-input oxd-input--focus'

31-01-2024T21:28:46 - [MESSAGE][PASSED] - Text 'Admin' is set on object 'Object Repository/OrangeHRMPages/OrangeHRM_Search_OR/input_Admin_oxd-input oxd-input--focus'

31-01-2024T21:28:46 - [TEST_STEP][PASSED] - verifyElementText(findTestObject("Object Repository/OrangeHRMPages/OrangeHRM_Search_OR/span_search"), searchItem): Actual text and expected text of test object 'Object Repository/OrangeHRMPages/OrangeHRM_Search_OR/span_search' are matched.

31-01-2024T21:28:46 - [MESSAGE][PASSED] - Actual text and expected text of test object 'Object Repository/OrangeHRMPages/OrangeHRM_Search_OR/span_search' are matched.

31-01-2024T21:28:46 - [TEST_STEP][PASSED] - Start listener action : sampleAfterTestCase: null

31-01-2024T21:28:46 - [TEST_STEP][PASSED] - println(testCaseContext.getTestCaseId()): null

31-01-2024T21:28:46 - [TEST_STEP][PASSED] - println(testCaseContext.getTestCaseStatus()): null]]></system-out>
         <system-err><![CDATA[]]></system-err>
      </testcase>
      <testcase name="Test Cases/Data Driven/TC_OrangeHRM_Search_004" time="1.68" classname="Test Cases/Data Driven/TC_OrangeHRM_Search_004" status="PASSED">
         <system-out><![CDATA[31-01-2024T21:28:46 - [TEST_CASE][PASSED] - Test Cases/Data Driven/TC_OrangeHRM_Search_004: Test Cases/Data Driven/TC_OrangeHRM_Search_004

31-01-2024T21:28:46 - [TEST_STEP][PASSED] - Start listener action : sampleBeforeTestCase: null

31-01-2024T21:28:46 - [TEST_STEP][PASSED] - println(testCaseContext.getTestCaseId()): null

31-01-2024T21:28:46 - [TEST_STEP][PASSED] - println(testCaseContext.getTestCaseVariables()): null

31-01-2024T21:28:46 - [TEST_STEP][PASSED] - Start setup action : setupTestCase: Method 'setupTestCase' complete successfully

31-01-2024T21:28:46 - [TEST_STEP][PASSED] - commonUtils.Utils.clearText(findTestObject("OrangeHRMPages/OrangeHRM_Search_OR/input_Admin_oxd-input oxd-input--focus")): commonUtils.Utils.clearText is PASSED

31-01-2024T21:28:46 - [MESSAGE][PASSED] - Keys 'CONTROL + a' sent to object: 'Object Repository/OrangeHRMPages/OrangeHRM_Search_OR/input_Admin_oxd-input oxd-input--focus'

31-01-2024T21:28:47 - [MESSAGE][PASSED] - Keys 'BACK_SPACE + ' sent to object: 'Object Repository/OrangeHRMPages/OrangeHRM_Search_OR/input_Admin_oxd-input oxd-input--focus'

31-01-2024T21:28:47 - [MESSAGE][PASSED] - commonUtils.Utils.clearText is PASSED

31-01-2024T21:28:47 - [MESSAGE][PASSED] - Method 'setupTestCase' complete successfully

31-01-2024T21:28:47 - [TEST_STEP][PASSED] - setText(findTestObject("Object Repository/OrangeHRMPages/OrangeHRM_Search_OR/input_Admin_oxd-input oxd-input--focus"), searchItem): Text 'PIM' is set on object 'Object Repository/OrangeHRMPages/OrangeHRM_Search_OR/input_Admin_oxd-input oxd-input--focus'

31-01-2024T21:28:47 - [MESSAGE][PASSED] - Text 'PIM' is set on object 'Object Repository/OrangeHRMPages/OrangeHRM_Search_OR/input_Admin_oxd-input oxd-input--focus'

31-01-2024T21:28:47 - [TEST_STEP][PASSED] - verifyElementText(findTestObject("Object Repository/OrangeHRMPages/OrangeHRM_Search_OR/span_search"), searchItem): Actual text and expected text of test object 'Object Repository/OrangeHRMPages/OrangeHRM_Search_OR/span_search' are matched.

31-01-2024T21:28:48 - [MESSAGE][PASSED] - Actual text and expected text of test object 'Object Repository/OrangeHRMPages/OrangeHRM_Search_OR/span_search' are matched.

31-01-2024T21:28:48 - [TEST_STEP][PASSED] - Start listener action : sampleAfterTestCase: null

31-01-2024T21:28:48 - [TEST_STEP][PASSED] - println(testCaseContext.getTestCaseId()): null

31-01-2024T21:28:48 - [TEST_STEP][PASSED] - println(testCaseContext.getTestCaseStatus()): null]]></system-out>
         <system-err><![CDATA[]]></system-err>
      </testcase>
      <testcase name="Test Cases/Data Driven/TC_OrangeHRM_Search_004" time="1.652" classname="Test Cases/Data Driven/TC_OrangeHRM_Search_004" status="PASSED">
         <system-out><![CDATA[31-01-2024T21:28:48 - [TEST_CASE][PASSED] - Test Cases/Data Driven/TC_OrangeHRM_Search_004: Test Cases/Data Driven/TC_OrangeHRM_Search_004

31-01-2024T21:28:48 - [TEST_STEP][PASSED] - Start listener action : sampleBeforeTestCase: null

31-01-2024T21:28:48 - [TEST_STEP][PASSED] - println(testCaseContext.getTestCaseId()): null

31-01-2024T21:28:48 - [TEST_STEP][PASSED] - println(testCaseContext.getTestCaseVariables()): null

31-01-2024T21:28:48 - [TEST_STEP][PASSED] - Start setup action : setupTestCase: Method 'setupTestCase' complete successfully

31-01-2024T21:28:48 - [TEST_STEP][PASSED] - commonUtils.Utils.clearText(findTestObject("OrangeHRMPages/OrangeHRM_Search_OR/input_Admin_oxd-input oxd-input--focus")): commonUtils.Utils.clearText is PASSED

31-01-2024T21:28:48 - [MESSAGE][PASSED] - Keys 'CONTROL + a' sent to object: 'Object Repository/OrangeHRMPages/OrangeHRM_Search_OR/input_Admin_oxd-input oxd-input--focus'

31-01-2024T21:28:48 - [MESSAGE][PASSED] - Keys 'BACK_SPACE + ' sent to object: 'Object Repository/OrangeHRMPages/OrangeHRM_Search_OR/input_Admin_oxd-input oxd-input--focus'

31-01-2024T21:28:48 - [MESSAGE][PASSED] - commonUtils.Utils.clearText is PASSED

31-01-2024T21:28:48 - [MESSAGE][PASSED] - Method 'setupTestCase' complete successfully

31-01-2024T21:28:48 - [TEST_STEP][PASSED] - setText(findTestObject("Object Repository/OrangeHRMPages/OrangeHRM_Search_OR/input_Admin_oxd-input oxd-input--focus"), searchItem): Text 'Leave' is set on object 'Object Repository/OrangeHRMPages/OrangeHRM_Search_OR/input_Admin_oxd-input oxd-input--focus'

31-01-2024T21:28:49 - [MESSAGE][PASSED] - Text 'Leave' is set on object 'Object Repository/OrangeHRMPages/OrangeHRM_Search_OR/input_Admin_oxd-input oxd-input--focus'

31-01-2024T21:28:49 - [TEST_STEP][PASSED] - verifyElementText(findTestObject("Object Repository/OrangeHRMPages/OrangeHRM_Search_OR/span_search"), searchItem): Actual text and expected text of test object 'Object Repository/OrangeHRMPages/OrangeHRM_Search_OR/span_search' are matched.

31-01-2024T21:28:49 - [MESSAGE][PASSED] - Actual text and expected text of test object 'Object Repository/OrangeHRMPages/OrangeHRM_Search_OR/span_search' are matched.

31-01-2024T21:28:49 - [TEST_STEP][PASSED] - Start listener action : sampleAfterTestCase: null

31-01-2024T21:28:49 - [TEST_STEP][PASSED] - println(testCaseContext.getTestCaseId()): null

31-01-2024T21:28:49 - [TEST_STEP][PASSED] - println(testCaseContext.getTestCaseStatus()): null]]></system-out>
         <system-err><![CDATA[]]></system-err>
      </testcase>
      <testcase name="Test Cases/Data Driven/TC_OrangeHRM_Search_004" time="1.625" classname="Test Cases/Data Driven/TC_OrangeHRM_Search_004" status="PASSED">
         <system-out><![CDATA[31-01-2024T21:28:49 - [TEST_CASE][PASSED] - Test Cases/Data Driven/TC_OrangeHRM_Search_004: Test Cases/Data Driven/TC_OrangeHRM_Search_004

31-01-2024T21:28:49 - [TEST_STEP][PASSED] - Start listener action : sampleBeforeTestCase: null

31-01-2024T21:28:49 - [TEST_STEP][PASSED] - println(testCaseContext.getTestCaseId()): null

31-01-2024T21:28:49 - [TEST_STEP][PASSED] - println(testCaseContext.getTestCaseVariables()): null

31-01-2024T21:28:49 - [TEST_STEP][PASSED] - Start setup action : setupTestCase: Method 'setupTestCase' complete successfully

31-01-2024T21:28:49 - [TEST_STEP][PASSED] - commonUtils.Utils.clearText(findTestObject("OrangeHRMPages/OrangeHRM_Search_OR/input_Admin_oxd-input oxd-input--focus")): commonUtils.Utils.clearText is PASSED

31-01-2024T21:28:50 - [MESSAGE][PASSED] - Keys 'CONTROL + a' sent to object: 'Object Repository/OrangeHRMPages/OrangeHRM_Search_OR/input_Admin_oxd-input oxd-input--focus'

31-01-2024T21:28:50 - [MESSAGE][PASSED] - Keys 'BACK_SPACE + ' sent to object: 'Object Repository/OrangeHRMPages/OrangeHRM_Search_OR/input_Admin_oxd-input oxd-input--focus'

31-01-2024T21:28:50 - [MESSAGE][PASSED] - commonUtils.Utils.clearText is PASSED

31-01-2024T21:28:50 - [MESSAGE][PASSED] - Method 'setupTestCase' complete successfully

31-01-2024T21:28:50 - [TEST_STEP][PASSED] - setText(findTestObject("Object Repository/OrangeHRMPages/OrangeHRM_Search_OR/input_Admin_oxd-input oxd-input--focus"), searchItem): Text 'Time' is set on object 'Object Repository/OrangeHRMPages/OrangeHRM_Search_OR/input_Admin_oxd-input oxd-input--focus'

31-01-2024T21:28:51 - [MESSAGE][PASSED] - Text 'Time' is set on object 'Object Repository/OrangeHRMPages/OrangeHRM_Search_OR/input_Admin_oxd-input oxd-input--focus'

31-01-2024T21:28:51 - [TEST_STEP][PASSED] - verifyElementText(findTestObject("Object Repository/OrangeHRMPages/OrangeHRM_Search_OR/span_search"), searchItem): Actual text and expected text of test object 'Object Repository/OrangeHRMPages/OrangeHRM_Search_OR/span_search' are matched.

31-01-2024T21:28:51 - [MESSAGE][PASSED] - Actual text and expected text of test object 'Object Repository/OrangeHRMPages/OrangeHRM_Search_OR/span_search' are matched.

31-01-2024T21:28:51 - [TEST_STEP][PASSED] - Start listener action : sampleAfterTestCase: null

31-01-2024T21:28:51 - [TEST_STEP][PASSED] - println(testCaseContext.getTestCaseId()): null

31-01-2024T21:28:51 - [TEST_STEP][PASSED] - println(testCaseContext.getTestCaseStatus()): null]]></system-out>
         <system-err><![CDATA[]]></system-err>
      </testcase>
      <testcase name="Test Cases/Data Driven/TC_OrangeHRM_Search_004" time="1.656" classname="Test Cases/Data Driven/TC_OrangeHRM_Search_004" status="PASSED">
         <system-out><![CDATA[31-01-2024T21:28:51 - [TEST_CASE][PASSED] - Test Cases/Data Driven/TC_OrangeHRM_Search_004: Test Cases/Data Driven/TC_OrangeHRM_Search_004

31-01-2024T21:28:51 - [TEST_STEP][PASSED] - Start listener action : sampleBeforeTestCase: null

31-01-2024T21:28:51 - [TEST_STEP][PASSED] - println(testCaseContext.getTestCaseId()): null

31-01-2024T21:28:51 - [TEST_STEP][PASSED] - println(testCaseContext.getTestCaseVariables()): null

31-01-2024T21:28:51 - [TEST_STEP][PASSED] - Start setup action : setupTestCase: Method 'setupTestCase' complete successfully

31-01-2024T21:28:51 - [TEST_STEP][PASSED] - commonUtils.Utils.clearText(findTestObject("OrangeHRMPages/OrangeHRM_Search_OR/input_Admin_oxd-input oxd-input--focus")): commonUtils.Utils.clearText is PASSED

31-01-2024T21:28:51 - [MESSAGE][PASSED] - Keys 'CONTROL + a' sent to object: 'Object Repository/OrangeHRMPages/OrangeHRM_Search_OR/input_Admin_oxd-input oxd-input--focus'

31-01-2024T21:28:51 - [MESSAGE][PASSED] - Keys 'BACK_SPACE + ' sent to object: 'Object Repository/OrangeHRMPages/OrangeHRM_Search_OR/input_Admin_oxd-input oxd-input--focus'

31-01-2024T21:28:51 - [MESSAGE][PASSED] - commonUtils.Utils.clearText is PASSED

31-01-2024T21:28:51 - [MESSAGE][PASSED] - Method 'setupTestCase' complete successfully

31-01-2024T21:28:51 - [TEST_STEP][PASSED] - setText(findTestObject("Object Repository/OrangeHRMPages/OrangeHRM_Search_OR/input_Admin_oxd-input oxd-input--focus"), searchItem): Text 'Recruitment' is set on object 'Object Repository/OrangeHRMPages/OrangeHRM_Search_OR/input_Admin_oxd-input oxd-input--focus'

31-01-2024T21:28:52 - [MESSAGE][PASSED] - Text 'Recruitment' is set on object 'Object Repository/OrangeHRMPages/OrangeHRM_Search_OR/input_Admin_oxd-input oxd-input--focus'

31-01-2024T21:28:52 - [TEST_STEP][PASSED] - verifyElementText(findTestObject("Object Repository/OrangeHRMPages/OrangeHRM_Search_OR/span_search"), searchItem): Actual text and expected text of test object 'Object Repository/OrangeHRMPages/OrangeHRM_Search_OR/span_search' are matched.

31-01-2024T21:28:53 - [MESSAGE][PASSED] - Actual text and expected text of test object 'Object Repository/OrangeHRMPages/OrangeHRM_Search_OR/span_search' are matched.

31-01-2024T21:28:53 - [TEST_STEP][PASSED] - Start listener action : sampleAfterTestCase: null

31-01-2024T21:28:53 - [TEST_STEP][PASSED] - println(testCaseContext.getTestCaseId()): null

31-01-2024T21:28:53 - [TEST_STEP][PASSED] - println(testCaseContext.getTestCaseStatus()): null]]></system-out>
         <system-err><![CDATA[]]></system-err>
      </testcase>
      <testcase name="Test Cases/Data Driven/TC_OrangeHRM_Search_004" time="1.616" classname="Test Cases/Data Driven/TC_OrangeHRM_Search_004" status="PASSED">
         <system-out><![CDATA[31-01-2024T21:28:53 - [TEST_CASE][PASSED] - Test Cases/Data Driven/TC_OrangeHRM_Search_004: Test Cases/Data Driven/TC_OrangeHRM_Search_004

31-01-2024T21:28:53 - [TEST_STEP][PASSED] - Start listener action : sampleBeforeTestCase: null

31-01-2024T21:28:53 - [TEST_STEP][PASSED] - println(testCaseContext.getTestCaseId()): null

31-01-2024T21:28:53 - [TEST_STEP][PASSED] - println(testCaseContext.getTestCaseVariables()): null

31-01-2024T21:28:53 - [TEST_STEP][PASSED] - Start setup action : setupTestCase: Method 'setupTestCase' complete successfully

31-01-2024T21:28:53 - [TEST_STEP][PASSED] - commonUtils.Utils.clearText(findTestObject("OrangeHRMPages/OrangeHRM_Search_OR/input_Admin_oxd-input oxd-input--focus")): commonUtils.Utils.clearText is PASSED

31-01-2024T21:28:53 - [MESSAGE][PASSED] - Keys 'CONTROL + a' sent to object: 'Object Repository/OrangeHRMPages/OrangeHRM_Search_OR/input_Admin_oxd-input oxd-input--focus'

31-01-2024T21:28:53 - [MESSAGE][PASSED] - Keys 'BACK_SPACE + ' sent to object: 'Object Repository/OrangeHRMPages/OrangeHRM_Search_OR/input_Admin_oxd-input oxd-input--focus'

31-01-2024T21:28:53 - [MESSAGE][PASSED] - commonUtils.Utils.clearText is PASSED

31-01-2024T21:28:53 - [MESSAGE][PASSED] - Method 'setupTestCase' complete successfully

31-01-2024T21:28:53 - [TEST_STEP][PASSED] - setText(findTestObject("Object Repository/OrangeHRMPages/OrangeHRM_Search_OR/input_Admin_oxd-input oxd-input--focus"), searchItem): Text 'My Info' is set on object 'Object Repository/OrangeHRMPages/OrangeHRM_Search_OR/input_Admin_oxd-input oxd-input--focus'

31-01-2024T21:28:54 - [MESSAGE][PASSED] - Text 'My Info' is set on object 'Object Repository/OrangeHRMPages/OrangeHRM_Search_OR/input_Admin_oxd-input oxd-input--focus'

31-01-2024T21:28:54 - [TEST_STEP][PASSED] - verifyElementText(findTestObject("Object Repository/OrangeHRMPages/OrangeHRM_Search_OR/span_search"), searchItem): Actual text and expected text of test object 'Object Repository/OrangeHRMPages/OrangeHRM_Search_OR/span_search' are matched.

31-01-2024T21:28:54 - [MESSAGE][PASSED] - Actual text and expected text of test object 'Object Repository/OrangeHRMPages/OrangeHRM_Search_OR/span_search' are matched.

31-01-2024T21:28:54 - [TEST_STEP][PASSED] - Start listener action : sampleAfterTestCase: null

31-01-2024T21:28:54 - [TEST_STEP][PASSED] - println(testCaseContext.getTestCaseId()): null

31-01-2024T21:28:54 - [TEST_STEP][PASSED] - println(testCaseContext.getTestCaseStatus()): null]]></system-out>
         <system-err><![CDATA[]]></system-err>
      </testcase>
      <testcase name="Test Cases/Data Driven/TC_OrangeHRM_Search_004" time="1.69" classname="Test Cases/Data Driven/TC_OrangeHRM_Search_004" status="PASSED">
         <system-out><![CDATA[31-01-2024T21:28:54 - [TEST_CASE][PASSED] - Test Cases/Data Driven/TC_OrangeHRM_Search_004: Test Cases/Data Driven/TC_OrangeHRM_Search_004

31-01-2024T21:28:54 - [TEST_STEP][PASSED] - Start listener action : sampleBeforeTestCase: null

31-01-2024T21:28:54 - [TEST_STEP][PASSED] - println(testCaseContext.getTestCaseId()): null

31-01-2024T21:28:54 - [TEST_STEP][PASSED] - println(testCaseContext.getTestCaseVariables()): null

31-01-2024T21:28:54 - [TEST_STEP][PASSED] - Start setup action : setupTestCase: Method 'setupTestCase' complete successfully

31-01-2024T21:28:54 - [TEST_STEP][PASSED] - commonUtils.Utils.clearText(findTestObject("OrangeHRMPages/OrangeHRM_Search_OR/input_Admin_oxd-input oxd-input--focus")): commonUtils.Utils.clearText is PASSED

31-01-2024T21:28:55 - [MESSAGE][PASSED] - Keys 'CONTROL + a' sent to object: 'Object Repository/OrangeHRMPages/OrangeHRM_Search_OR/input_Admin_oxd-input oxd-input--focus'

31-01-2024T21:28:55 - [MESSAGE][PASSED] - Keys 'BACK_SPACE + ' sent to object: 'Object Repository/OrangeHRMPages/OrangeHRM_Search_OR/input_Admin_oxd-input oxd-input--focus'

31-01-2024T21:28:55 - [MESSAGE][PASSED] - commonUtils.Utils.clearText is PASSED

31-01-2024T21:28:55 - [MESSAGE][PASSED] - Method 'setupTestCase' complete successfully

31-01-2024T21:28:55 - [TEST_STEP][PASSED] - setText(findTestObject("Object Repository/OrangeHRMPages/OrangeHRM_Search_OR/input_Admin_oxd-input oxd-input--focus"), searchItem): Text 'Performance' is set on object 'Object Repository/OrangeHRMPages/OrangeHRM_Search_OR/input_Admin_oxd-input oxd-input--focus'

31-01-2024T21:28:56 - [MESSAGE][PASSED] - Text 'Performance' is set on object 'Object Repository/OrangeHRMPages/OrangeHRM_Search_OR/input_Admin_oxd-input oxd-input--focus'

31-01-2024T21:28:56 - [TEST_STEP][PASSED] - verifyElementText(findTestObject("Object Repository/OrangeHRMPages/OrangeHRM_Search_OR/span_search"), searchItem): Actual text and expected text of test object 'Object Repository/OrangeHRMPages/OrangeHRM_Search_OR/span_search' are matched.

31-01-2024T21:28:56 - [MESSAGE][PASSED] - Actual text and expected text of test object 'Object Repository/OrangeHRMPages/OrangeHRM_Search_OR/span_search' are matched.

31-01-2024T21:28:56 - [TEST_STEP][PASSED] - Start listener action : sampleAfterTestCase: null

31-01-2024T21:28:56 - [TEST_STEP][PASSED] - println(testCaseContext.getTestCaseId()): null

31-01-2024T21:28:56 - [TEST_STEP][PASSED] - println(testCaseContext.getTestCaseStatus()): null]]></system-out>
         <system-err><![CDATA[]]></system-err>
      </testcase>
      <testcase name="Test Cases/Data Driven/TC_OrangeHRM_Search_004" time="1.68" classname="Test Cases/Data Driven/TC_OrangeHRM_Search_004" status="PASSED">
         <system-out><![CDATA[31-01-2024T21:28:56 - [TEST_CASE][PASSED] - Test Cases/Data Driven/TC_OrangeHRM_Search_004: Test Cases/Data Driven/TC_OrangeHRM_Search_004

31-01-2024T21:28:56 - [TEST_STEP][PASSED] - Start listener action : sampleBeforeTestCase: null

31-01-2024T21:28:56 - [TEST_STEP][PASSED] - println(testCaseContext.getTestCaseId()): null

31-01-2024T21:28:56 - [TEST_STEP][PASSED] - println(testCaseContext.getTestCaseVariables()): null

31-01-2024T21:28:56 - [TEST_STEP][PASSED] - Start setup action : setupTestCase: Method 'setupTestCase' complete successfully

31-01-2024T21:28:56 - [TEST_STEP][PASSED] - commonUtils.Utils.clearText(findTestObject("OrangeHRMPages/OrangeHRM_Search_OR/input_Admin_oxd-input oxd-input--focus")): commonUtils.Utils.clearText is PASSED

31-01-2024T21:28:56 - [MESSAGE][PASSED] - Keys 'CONTROL + a' sent to object: 'Object Repository/OrangeHRMPages/OrangeHRM_Search_OR/input_Admin_oxd-input oxd-input--focus'

31-01-2024T21:28:57 - [MESSAGE][PASSED] - Keys 'BACK_SPACE + ' sent to object: 'Object Repository/OrangeHRMPages/OrangeHRM_Search_OR/input_Admin_oxd-input oxd-input--focus'

31-01-2024T21:28:57 - [MESSAGE][PASSED] - commonUtils.Utils.clearText is PASSED

31-01-2024T21:28:57 - [MESSAGE][PASSED] - Method 'setupTestCase' complete successfully

31-01-2024T21:28:57 - [TEST_STEP][PASSED] - setText(findTestObject("Object Repository/OrangeHRMPages/OrangeHRM_Search_OR/input_Admin_oxd-input oxd-input--focus"), searchItem): Text 'Dashboard' is set on object 'Object Repository/OrangeHRMPages/OrangeHRM_Search_OR/input_Admin_oxd-input oxd-input--focus'

31-01-2024T21:28:57 - [MESSAGE][PASSED] - Text 'Dashboard' is set on object 'Object Repository/OrangeHRMPages/OrangeHRM_Search_OR/input_Admin_oxd-input oxd-input--focus'

31-01-2024T21:28:57 - [TEST_STEP][PASSED] - verifyElementText(findTestObject("Object Repository/OrangeHRMPages/OrangeHRM_Search_OR/span_search"), searchItem): Actual text and expected text of test object 'Object Repository/OrangeHRMPages/OrangeHRM_Search_OR/span_search' are matched.

31-01-2024T21:28:58 - [MESSAGE][PASSED] - Actual text and expected text of test object 'Object Repository/OrangeHRMPages/OrangeHRM_Search_OR/span_search' are matched.

31-01-2024T21:28:58 - [TEST_STEP][PASSED] - Start listener action : sampleAfterTestCase: null

31-01-2024T21:28:58 - [TEST_STEP][PASSED] - println(testCaseContext.getTestCaseId()): null

31-01-2024T21:28:58 - [TEST_STEP][PASSED] - println(testCaseContext.getTestCaseStatus()): null]]></system-out>
         <system-err><![CDATA[]]></system-err>
      </testcase>
      <testcase name="Test Cases/Data Driven/TC_OrangeHRM_Search_004" time="1.605" classname="Test Cases/Data Driven/TC_OrangeHRM_Search_004" status="PASSED">
         <system-out><![CDATA[31-01-2024T21:28:58 - [TEST_CASE][PASSED] - Test Cases/Data Driven/TC_OrangeHRM_Search_004: Test Cases/Data Driven/TC_OrangeHRM_Search_004

31-01-2024T21:28:58 - [TEST_STEP][PASSED] - Start listener action : sampleBeforeTestCase: null

31-01-2024T21:28:58 - [TEST_STEP][PASSED] - println(testCaseContext.getTestCaseId()): null

31-01-2024T21:28:58 - [TEST_STEP][PASSED] - println(testCaseContext.getTestCaseVariables()): null

31-01-2024T21:28:58 - [TEST_STEP][PASSED] - Start setup action : setupTestCase: Method 'setupTestCase' complete successfully

31-01-2024T21:28:58 - [TEST_STEP][PASSED] - commonUtils.Utils.clearText(findTestObject("OrangeHRMPages/OrangeHRM_Search_OR/input_Admin_oxd-input oxd-input--focus")): commonUtils.Utils.clearText is PASSED

31-01-2024T21:28:58 - [MESSAGE][PASSED] - Keys 'CONTROL + a' sent to object: 'Object Repository/OrangeHRMPages/OrangeHRM_Search_OR/input_Admin_oxd-input oxd-input--focus'

31-01-2024T21:28:58 - [MESSAGE][PASSED] - Keys 'BACK_SPACE + ' sent to object: 'Object Repository/OrangeHRMPages/OrangeHRM_Search_OR/input_Admin_oxd-input oxd-input--focus'

31-01-2024T21:28:58 - [MESSAGE][PASSED] - commonUtils.Utils.clearText is PASSED

31-01-2024T21:28:58 - [MESSAGE][PASSED] - Method 'setupTestCase' complete successfully

31-01-2024T21:28:58 - [TEST_STEP][PASSED] - setText(findTestObject("Object Repository/OrangeHRMPages/OrangeHRM_Search_OR/input_Admin_oxd-input oxd-input--focus"), searchItem): Text 'Directory' is set on object 'Object Repository/OrangeHRMPages/OrangeHRM_Search_OR/input_Admin_oxd-input oxd-input--focus'

31-01-2024T21:28:59 - [MESSAGE][PASSED] - Text 'Directory' is set on object 'Object Repository/OrangeHRMPages/OrangeHRM_Search_OR/input_Admin_oxd-input oxd-input--focus'

31-01-2024T21:28:59 - [TEST_STEP][PASSED] - verifyElementText(findTestObject("Object Repository/OrangeHRMPages/OrangeHRM_Search_OR/span_search"), searchItem): Actual text and expected text of test object 'Object Repository/OrangeHRMPages/OrangeHRM_Search_OR/span_search' are matched.

31-01-2024T21:28:59 - [MESSAGE][PASSED] - Actual text and expected text of test object 'Object Repository/OrangeHRMPages/OrangeHRM_Search_OR/span_search' are matched.

31-01-2024T21:28:59 - [TEST_STEP][PASSED] - Start listener action : sampleAfterTestCase: null

31-01-2024T21:28:59 - [TEST_STEP][PASSED] - println(testCaseContext.getTestCaseId()): null

31-01-2024T21:28:59 - [TEST_STEP][PASSED] - println(testCaseContext.getTestCaseStatus()): null]]></system-out>
         <system-err><![CDATA[]]></system-err>
      </testcase>
      <testcase name="Test Cases/Data Driven/TC_OrangeHRM_Search_004" time="1.623" classname="Test Cases/Data Driven/TC_OrangeHRM_Search_004" status="PASSED">
         <system-out><![CDATA[31-01-2024T21:28:59 - [TEST_CASE][PASSED] - Test Cases/Data Driven/TC_OrangeHRM_Search_004: Test Cases/Data Driven/TC_OrangeHRM_Search_004

31-01-2024T21:28:59 - [TEST_STEP][PASSED] - Start listener action : sampleBeforeTestCase: null

31-01-2024T21:28:59 - [TEST_STEP][PASSED] - println(testCaseContext.getTestCaseId()): null

31-01-2024T21:28:59 - [TEST_STEP][PASSED] - println(testCaseContext.getTestCaseVariables()): null

31-01-2024T21:28:59 - [TEST_STEP][PASSED] - Start setup action : setupTestCase: Method 'setupTestCase' complete successfully

31-01-2024T21:28:59 - [TEST_STEP][PASSED] - commonUtils.Utils.clearText(findTestObject("OrangeHRMPages/OrangeHRM_Search_OR/input_Admin_oxd-input oxd-input--focus")): commonUtils.Utils.clearText is PASSED

31-01-2024T21:29:00 - [MESSAGE][PASSED] - Keys 'CONTROL + a' sent to object: 'Object Repository/OrangeHRMPages/OrangeHRM_Search_OR/input_Admin_oxd-input oxd-input--focus'

31-01-2024T21:29:00 - [MESSAGE][PASSED] - Keys 'BACK_SPACE + ' sent to object: 'Object Repository/OrangeHRMPages/OrangeHRM_Search_OR/input_Admin_oxd-input oxd-input--focus'

31-01-2024T21:29:00 - [MESSAGE][PASSED] - commonUtils.Utils.clearText is PASSED

31-01-2024T21:29:00 - [MESSAGE][PASSED] - Method 'setupTestCase' complete successfully

31-01-2024T21:29:00 - [TEST_STEP][PASSED] - setText(findTestObject("Object Repository/OrangeHRMPages/OrangeHRM_Search_OR/input_Admin_oxd-input oxd-input--focus"), searchItem): Text 'Maintenance' is set on object 'Object Repository/OrangeHRMPages/OrangeHRM_Search_OR/input_Admin_oxd-input oxd-input--focus'

31-01-2024T21:29:00 - [MESSAGE][PASSED] - Text 'Maintenance' is set on object 'Object Repository/OrangeHRMPages/OrangeHRM_Search_OR/input_Admin_oxd-input oxd-input--focus'

31-01-2024T21:29:00 - [TEST_STEP][PASSED] - verifyElementText(findTestObject("Object Repository/OrangeHRMPages/OrangeHRM_Search_OR/span_search"), searchItem): Actual text and expected text of test object 'Object Repository/OrangeHRMPages/OrangeHRM_Search_OR/span_search' are matched.

31-01-2024T21:29:01 - [MESSAGE][PASSED] - Actual text and expected text of test object 'Object Repository/OrangeHRMPages/OrangeHRM_Search_OR/span_search' are matched.

31-01-2024T21:29:01 - [TEST_STEP][PASSED] - Start listener action : sampleAfterTestCase: null

31-01-2024T21:29:01 - [TEST_STEP][PASSED] - println(testCaseContext.getTestCaseId()): null

31-01-2024T21:29:01 - [TEST_STEP][PASSED] - println(testCaseContext.getTestCaseStatus()): null]]></system-out>
         <system-err><![CDATA[]]></system-err>
      </testcase>
      <testcase name="Test Cases/Data Driven/TC_OrangeHRM_Search_004" time="1.607" classname="Test Cases/Data Driven/TC_OrangeHRM_Search_004" status="PASSED">
         <system-out><![CDATA[31-01-2024T21:29:01 - [TEST_CASE][PASSED] - Test Cases/Data Driven/TC_OrangeHRM_Search_004: Test Cases/Data Driven/TC_OrangeHRM_Search_004

31-01-2024T21:29:01 - [TEST_STEP][PASSED] - Start listener action : sampleBeforeTestCase: null

31-01-2024T21:29:01 - [TEST_STEP][PASSED] - println(testCaseContext.getTestCaseId()): null

31-01-2024T21:29:01 - [TEST_STEP][PASSED] - println(testCaseContext.getTestCaseVariables()): null

31-01-2024T21:29:01 - [TEST_STEP][PASSED] - Start setup action : setupTestCase: Method 'setupTestCase' complete successfully

31-01-2024T21:29:01 - [TEST_STEP][PASSED] - commonUtils.Utils.clearText(findTestObject("OrangeHRMPages/OrangeHRM_Search_OR/input_Admin_oxd-input oxd-input--focus")): commonUtils.Utils.clearText is PASSED

31-01-2024T21:29:01 - [MESSAGE][PASSED] - Keys 'CONTROL + a' sent to object: 'Object Repository/OrangeHRMPages/OrangeHRM_Search_OR/input_Admin_oxd-input oxd-input--focus'

31-01-2024T21:29:01 - [MESSAGE][PASSED] - Keys 'BACK_SPACE + ' sent to object: 'Object Repository/OrangeHRMPages/OrangeHRM_Search_OR/input_Admin_oxd-input oxd-input--focus'

31-01-2024T21:29:01 - [MESSAGE][PASSED] - commonUtils.Utils.clearText is PASSED

31-01-2024T21:29:01 - [MESSAGE][PASSED] - Method 'setupTestCase' complete successfully

31-01-2024T21:29:01 - [TEST_STEP][PASSED] - setText(findTestObject("Object Repository/OrangeHRMPages/OrangeHRM_Search_OR/input_Admin_oxd-input oxd-input--focus"), searchItem): Text 'Claim' is set on object 'Object Repository/OrangeHRMPages/OrangeHRM_Search_OR/input_Admin_oxd-input oxd-input--focus'

31-01-2024T21:29:02 - [MESSAGE][PASSED] - Text 'Claim' is set on object 'Object Repository/OrangeHRMPages/OrangeHRM_Search_OR/input_Admin_oxd-input oxd-input--focus'

31-01-2024T21:29:02 - [TEST_STEP][PASSED] - verifyElementText(findTestObject("Object Repository/OrangeHRMPages/OrangeHRM_Search_OR/span_search"), searchItem): Actual text and expected text of test object 'Object Repository/OrangeHRMPages/OrangeHRM_Search_OR/span_search' are matched.

31-01-2024T21:29:03 - [MESSAGE][PASSED] - Actual text and expected text of test object 'Object Repository/OrangeHRMPages/OrangeHRM_Search_OR/span_search' are matched.

31-01-2024T21:29:03 - [TEST_STEP][PASSED] - Start listener action : sampleAfterTestCase: null

31-01-2024T21:29:03 - [TEST_STEP][PASSED] - println(testCaseContext.getTestCaseId()): null

31-01-2024T21:29:03 - [TEST_STEP][PASSED] - println(testCaseContext.getTestCaseStatus()): null]]></system-out>
         <system-err><![CDATA[]]></system-err>
      </testcase>
      <testcase name="Test Cases/Data Driven/TC_OrangeHRM_Search_004" time="1.612" classname="Test Cases/Data Driven/TC_OrangeHRM_Search_004" status="PASSED">
         <system-out><![CDATA[31-01-2024T21:29:03 - [TEST_CASE][PASSED] - Test Cases/Data Driven/TC_OrangeHRM_Search_004: Test Cases/Data Driven/TC_OrangeHRM_Search_004

31-01-2024T21:29:03 - [TEST_STEP][PASSED] - Start listener action : sampleBeforeTestCase: null

31-01-2024T21:29:03 - [TEST_STEP][PASSED] - println(testCaseContext.getTestCaseId()): null

31-01-2024T21:29:03 - [TEST_STEP][PASSED] - println(testCaseContext.getTestCaseVariables()): null

31-01-2024T21:29:03 - [TEST_STEP][PASSED] - Start setup action : setupTestCase: Method 'setupTestCase' complete successfully

31-01-2024T21:29:03 - [TEST_STEP][PASSED] - commonUtils.Utils.clearText(findTestObject("OrangeHRMPages/OrangeHRM_Search_OR/input_Admin_oxd-input oxd-input--focus")): commonUtils.Utils.clearText is PASSED

31-01-2024T21:29:03 - [MESSAGE][PASSED] - Keys 'CONTROL + a' sent to object: 'Object Repository/OrangeHRMPages/OrangeHRM_Search_OR/input_Admin_oxd-input oxd-input--focus'

31-01-2024T21:29:03 - [MESSAGE][PASSED] - Keys 'BACK_SPACE + ' sent to object: 'Object Repository/OrangeHRMPages/OrangeHRM_Search_OR/input_Admin_oxd-input oxd-input--focus'

31-01-2024T21:29:03 - [MESSAGE][PASSED] - commonUtils.Utils.clearText is PASSED

31-01-2024T21:29:03 - [MESSAGE][PASSED] - Method 'setupTestCase' complete successfully

31-01-2024T21:29:03 - [TEST_STEP][PASSED] - setText(findTestObject("Object Repository/OrangeHRMPages/OrangeHRM_Search_OR/input_Admin_oxd-input oxd-input--focus"), searchItem): Text 'Buzz' is set on object 'Object Repository/OrangeHRMPages/OrangeHRM_Search_OR/input_Admin_oxd-input oxd-input--focus'

31-01-2024T21:29:04 - [MESSAGE][PASSED] - Text 'Buzz' is set on object 'Object Repository/OrangeHRMPages/OrangeHRM_Search_OR/input_Admin_oxd-input oxd-input--focus'

31-01-2024T21:29:04 - [TEST_STEP][PASSED] - verifyElementText(findTestObject("Object Repository/OrangeHRMPages/OrangeHRM_Search_OR/span_search"), searchItem): Actual text and expected text of test object 'Object Repository/OrangeHRMPages/OrangeHRM_Search_OR/span_search' are matched.

31-01-2024T21:29:04 - [MESSAGE][PASSED] - Actual text and expected text of test object 'Object Repository/OrangeHRMPages/OrangeHRM_Search_OR/span_search' are matched.

31-01-2024T21:29:04 - [TEST_STEP][PASSED] - Start listener action : sampleAfterTestCase: null

31-01-2024T21:29:04 - [TEST_STEP][PASSED] - println(testCaseContext.getTestCaseId()): null

31-01-2024T21:29:04 - [TEST_STEP][PASSED] - println(testCaseContext.getTestCaseStatus()): null]]></system-out>
         <system-err><![CDATA[]]></system-err>
      </testcase>
      <system-out><![CDATA[31-01-2024T21:28:28 - [TEST_SUITE][PASSED] - OrangeHRM_TestSuite_Search_002: Test Cases/Data Driven/TC_OrangeHRM_Search_004]]></system-out>
      <system-err><![CDATA[]]></system-err>
   </testsuite>
</testsuites>
