<?xml version="1.0" encoding="UTF-8"?>
<testsuites name="OrangeHRM_TestSuite_Search_002" time="37.229" tests="12" failures="0" errors="0">
   <testsuite name="OrangeHRM_TestSuite_Search_002" tests="12" failures="0" errors="0" time="37.229" skipped="0" timestamp="31-01-2024T21:16:34" hostname="racericon - racer" id="Test Suites/OrangeHRM_TestSuite/DataDrivenTests/OrangeHRM_TestSuite_Search_002">
      <properties>
         <property name="deviceName" value=""/>
         <property name="devicePlatform" value=""/>
         <property name="logFolder" value="/home/racericon/git/SI-GuidedProject-704078-1704718618/Reports/20240131_211622/OrangeHRM_TestSuite/DataDrivenTests/OrangeHRM_TestSuite_Search_002/20240131_211631"/>
         <property name="logFiles" value="/home/racericon/git/SI-GuidedProject-704078-1704718618/Reports/20240131_211622/OrangeHRM_TestSuite/DataDrivenTests/OrangeHRM_TestSuite_Search_002/20240131_211631/execution0.log"/>
         <property name="attachments" value=""/>
         <property name="hostName" value="racericon - racer"/>
         <property name="os" value="Linux 64bit"/>
         <property name="katalonVersion" value="9.2.0.212"/>
         <property name="browser" value="Firefox 115.0"/>
         <property name="hostAddress" value="127.0.1.1"/>
         <property name="sessionId" value="53b2846c-b321-41ae-aafa-302c02c8cbe6"/>
         <property name="seleniumVersion" value="3.141.59"/>
         <property name="proxyInformation" value="ProxyInformation { proxyOption=NO_PROXY, proxyServerType=HTTP, username=, password=********, proxyServerAddress=, proxyServerPort=0, executionList=&quot;&quot;, isApplyToDesiredCapabilities=true }"/>
         <property name="platform" value="Linux"/>
      </properties>
      <testcase name="Test Cases/Data Driven/TC_OrangeHRM_Search_004" time="1.79" classname="Test Cases/Data Driven/TC_OrangeHRM_Search_004" status="PASSED">
         <system-out><![CDATA[31-01-2024T21:16:51 - [TEST_CASE][PASSED] - Test Cases/Data Driven/TC_OrangeHRM_Search_004: Test Cases/Data Driven/TC_OrangeHRM_Search_004

31-01-2024T21:16:51 - [TEST_STEP][PASSED] - Start listener action : sampleBeforeTestCase: null

31-01-2024T21:16:51 - [TEST_STEP][PASSED] - println(testCaseContext.getTestCaseId()): null

31-01-2024T21:16:51 - [TEST_STEP][PASSED] - println(testCaseContext.getTestCaseVariables()): null

31-01-2024T21:16:51 - [TEST_STEP][PASSED] - Start setup action : setupTestCase: Method 'setupTestCase' complete successfully

31-01-2024T21:16:51 - [TEST_STEP][PASSED] - commonUtils.Utils.clearText(findTestObject("OrangeHRMPages/OrangeHRM_Search_OR/input_Admin_oxd-input oxd-input--focus")): commonUtils.Utils.clearText is PASSED

31-01-2024T21:16:51 - [MESSAGE][PASSED] - Keys 'CONTROL + a' sent to object: 'Object Repository/OrangeHRMPages/OrangeHRM_Search_OR/input_Admin_oxd-input oxd-input--focus'

31-01-2024T21:16:52 - [MESSAGE][PASSED] - Keys 'BACK_SPACE + ' sent to object: 'Object Repository/OrangeHRMPages/OrangeHRM_Search_OR/input_Admin_oxd-input oxd-input--focus'

31-01-2024T21:16:52 - [MESSAGE][PASSED] - commonUtils.Utils.clearText is PASSED

31-01-2024T21:16:52 - [MESSAGE][PASSED] - Method 'setupTestCase' complete successfully

31-01-2024T21:16:52 - [TEST_STEP][PASSED] - setText(findTestObject("Object Repository/OrangeHRMPages/OrangeHRM_Search_OR/input_Admin_oxd-input oxd-input--focus"), searchItem): Text 'Admin' is set on object 'Object Repository/OrangeHRMPages/OrangeHRM_Search_OR/input_Admin_oxd-input oxd-input--focus'

31-01-2024T21:16:52 - [MESSAGE][PASSED] - Text 'Admin' is set on object 'Object Repository/OrangeHRMPages/OrangeHRM_Search_OR/input_Admin_oxd-input oxd-input--focus'

31-01-2024T21:16:52 - [TEST_STEP][PASSED] - verifyElementText(findTestObject("Object Repository/OrangeHRMPages/OrangeHRM_Search_OR/span_search"), searchItem): Actual text and expected text of test object 'Object Repository/OrangeHRMPages/OrangeHRM_Search_OR/span_search' are matched.

31-01-2024T21:16:53 - [MESSAGE][PASSED] - Actual text and expected text of test object 'Object Repository/OrangeHRMPages/OrangeHRM_Search_OR/span_search' are matched.

31-01-2024T21:16:53 - [TEST_STEP][PASSED] - Start listener action : sampleAfterTestCase: null

31-01-2024T21:16:53 - [TEST_STEP][PASSED] - println(testCaseContext.getTestCaseId()): null

31-01-2024T21:16:53 - [TEST_STEP][PASSED] - println(testCaseContext.getTestCaseStatus()): null]]></system-out>
         <system-err><![CDATA[]]></system-err>
      </testcase>
      <testcase name="Test Cases/Data Driven/TC_OrangeHRM_Search_004" time="1.729" classname="Test Cases/Data Driven/TC_OrangeHRM_Search_004" status="PASSED">
         <system-out><![CDATA[31-01-2024T21:16:53 - [TEST_CASE][PASSED] - Test Cases/Data Driven/TC_OrangeHRM_Search_004: Test Cases/Data Driven/TC_OrangeHRM_Search_004

31-01-2024T21:16:53 - [TEST_STEP][PASSED] - Start listener action : sampleBeforeTestCase: null

31-01-2024T21:16:53 - [TEST_STEP][PASSED] - println(testCaseContext.getTestCaseId()): null

31-01-2024T21:16:53 - [TEST_STEP][PASSED] - println(testCaseContext.getTestCaseVariables()): null

31-01-2024T21:16:53 - [TEST_STEP][PASSED] - Start setup action : setupTestCase: Method 'setupTestCase' complete successfully

31-01-2024T21:16:53 - [TEST_STEP][PASSED] - commonUtils.Utils.clearText(findTestObject("OrangeHRMPages/OrangeHRM_Search_OR/input_Admin_oxd-input oxd-input--focus")): commonUtils.Utils.clearText is PASSED

31-01-2024T21:16:53 - [MESSAGE][PASSED] - Keys 'CONTROL + a' sent to object: 'Object Repository/OrangeHRMPages/OrangeHRM_Search_OR/input_Admin_oxd-input oxd-input--focus'

31-01-2024T21:16:53 - [MESSAGE][PASSED] - Keys 'BACK_SPACE + ' sent to object: 'Object Repository/OrangeHRMPages/OrangeHRM_Search_OR/input_Admin_oxd-input oxd-input--focus'

31-01-2024T21:16:53 - [MESSAGE][PASSED] - commonUtils.Utils.clearText is PASSED

31-01-2024T21:16:53 - [MESSAGE][PASSED] - Method 'setupTestCase' complete successfully

31-01-2024T21:16:53 - [TEST_STEP][PASSED] - setText(findTestObject("Object Repository/OrangeHRMPages/OrangeHRM_Search_OR/input_Admin_oxd-input oxd-input--focus"), searchItem): Text 'PIM' is set on object 'Object Repository/OrangeHRMPages/OrangeHRM_Search_OR/input_Admin_oxd-input oxd-input--focus'

31-01-2024T21:16:54 - [MESSAGE][PASSED] - Text 'PIM' is set on object 'Object Repository/OrangeHRMPages/OrangeHRM_Search_OR/input_Admin_oxd-input oxd-input--focus'

31-01-2024T21:16:54 - [TEST_STEP][PASSED] - verifyElementText(findTestObject("Object Repository/OrangeHRMPages/OrangeHRM_Search_OR/span_search"), searchItem): Actual text and expected text of test object 'Object Repository/OrangeHRMPages/OrangeHRM_Search_OR/span_search' are matched.

31-01-2024T21:16:55 - [MESSAGE][PASSED] - Actual text and expected text of test object 'Object Repository/OrangeHRMPages/OrangeHRM_Search_OR/span_search' are matched.

31-01-2024T21:16:55 - [TEST_STEP][PASSED] - Start listener action : sampleAfterTestCase: null

31-01-2024T21:16:55 - [TEST_STEP][PASSED] - println(testCaseContext.getTestCaseId()): null

31-01-2024T21:16:55 - [TEST_STEP][PASSED] - println(testCaseContext.getTestCaseStatus()): null]]></system-out>
         <system-err><![CDATA[]]></system-err>
      </testcase>
      <testcase name="Test Cases/Data Driven/TC_OrangeHRM_Search_004" time="1.721" classname="Test Cases/Data Driven/TC_OrangeHRM_Search_004" status="PASSED">
         <system-out><![CDATA[31-01-2024T21:16:55 - [TEST_CASE][PASSED] - Test Cases/Data Driven/TC_OrangeHRM_Search_004: Test Cases/Data Driven/TC_OrangeHRM_Search_004

31-01-2024T21:16:55 - [TEST_STEP][PASSED] - Start listener action : sampleBeforeTestCase: null

31-01-2024T21:16:55 - [TEST_STEP][PASSED] - println(testCaseContext.getTestCaseId()): null

31-01-2024T21:16:55 - [TEST_STEP][PASSED] - println(testCaseContext.getTestCaseVariables()): null

31-01-2024T21:16:55 - [TEST_STEP][PASSED] - Start setup action : setupTestCase: Method 'setupTestCase' complete successfully

31-01-2024T21:16:55 - [TEST_STEP][PASSED] - commonUtils.Utils.clearText(findTestObject("OrangeHRMPages/OrangeHRM_Search_OR/input_Admin_oxd-input oxd-input--focus")): commonUtils.Utils.clearText is PASSED

31-01-2024T21:16:55 - [MESSAGE][PASSED] - Keys 'CONTROL + a' sent to object: 'Object Repository/OrangeHRMPages/OrangeHRM_Search_OR/input_Admin_oxd-input oxd-input--focus'

31-01-2024T21:16:55 - [MESSAGE][PASSED] - Keys 'BACK_SPACE + ' sent to object: 'Object Repository/OrangeHRMPages/OrangeHRM_Search_OR/input_Admin_oxd-input oxd-input--focus'

31-01-2024T21:16:55 - [MESSAGE][PASSED] - commonUtils.Utils.clearText is PASSED

31-01-2024T21:16:55 - [MESSAGE][PASSED] - Method 'setupTestCase' complete successfully

31-01-2024T21:16:55 - [TEST_STEP][PASSED] - setText(findTestObject("Object Repository/OrangeHRMPages/OrangeHRM_Search_OR/input_Admin_oxd-input oxd-input--focus"), searchItem): Text 'Leave' is set on object 'Object Repository/OrangeHRMPages/OrangeHRM_Search_OR/input_Admin_oxd-input oxd-input--focus'

31-01-2024T21:16:56 - [MESSAGE][PASSED] - Text 'Leave' is set on object 'Object Repository/OrangeHRMPages/OrangeHRM_Search_OR/input_Admin_oxd-input oxd-input--focus'

31-01-2024T21:16:56 - [TEST_STEP][PASSED] - verifyElementText(findTestObject("Object Repository/OrangeHRMPages/OrangeHRM_Search_OR/span_search"), searchItem): Actual text and expected text of test object 'Object Repository/OrangeHRMPages/OrangeHRM_Search_OR/span_search' are matched.

31-01-2024T21:16:56 - [MESSAGE][PASSED] - Actual text and expected text of test object 'Object Repository/OrangeHRMPages/OrangeHRM_Search_OR/span_search' are matched.

31-01-2024T21:16:56 - [TEST_STEP][PASSED] - Start listener action : sampleAfterTestCase: null

31-01-2024T21:16:56 - [TEST_STEP][PASSED] - println(testCaseContext.getTestCaseId()): null

31-01-2024T21:16:56 - [TEST_STEP][PASSED] - println(testCaseContext.getTestCaseStatus()): null]]></system-out>
         <system-err><![CDATA[]]></system-err>
      </testcase>
      <testcase name="Test Cases/Data Driven/TC_OrangeHRM_Search_004" time="1.682" classname="Test Cases/Data Driven/TC_OrangeHRM_Search_004" status="PASSED">
         <system-out><![CDATA[31-01-2024T21:16:56 - [TEST_CASE][PASSED] - Test Cases/Data Driven/TC_OrangeHRM_Search_004: Test Cases/Data Driven/TC_OrangeHRM_Search_004

31-01-2024T21:16:56 - [TEST_STEP][PASSED] - Start listener action : sampleBeforeTestCase: null

31-01-2024T21:16:56 - [TEST_STEP][PASSED] - println(testCaseContext.getTestCaseId()): null

31-01-2024T21:16:56 - [TEST_STEP][PASSED] - println(testCaseContext.getTestCaseVariables()): null

31-01-2024T21:16:56 - [TEST_STEP][PASSED] - Start setup action : setupTestCase: Method 'setupTestCase' complete successfully

31-01-2024T21:16:56 - [TEST_STEP][PASSED] - commonUtils.Utils.clearText(findTestObject("OrangeHRMPages/OrangeHRM_Search_OR/input_Admin_oxd-input oxd-input--focus")): commonUtils.Utils.clearText is PASSED

31-01-2024T21:16:57 - [MESSAGE][PASSED] - Keys 'CONTROL + a' sent to object: 'Object Repository/OrangeHRMPages/OrangeHRM_Search_OR/input_Admin_oxd-input oxd-input--focus'

31-01-2024T21:16:57 - [MESSAGE][PASSED] - Keys 'BACK_SPACE + ' sent to object: 'Object Repository/OrangeHRMPages/OrangeHRM_Search_OR/input_Admin_oxd-input oxd-input--focus'

31-01-2024T21:16:57 - [MESSAGE][PASSED] - commonUtils.Utils.clearText is PASSED

31-01-2024T21:16:57 - [MESSAGE][PASSED] - Method 'setupTestCase' complete successfully

31-01-2024T21:16:57 - [TEST_STEP][PASSED] - setText(findTestObject("Object Repository/OrangeHRMPages/OrangeHRM_Search_OR/input_Admin_oxd-input oxd-input--focus"), searchItem): Text 'Time' is set on object 'Object Repository/OrangeHRMPages/OrangeHRM_Search_OR/input_Admin_oxd-input oxd-input--focus'

31-01-2024T21:16:58 - [MESSAGE][PASSED] - Text 'Time' is set on object 'Object Repository/OrangeHRMPages/OrangeHRM_Search_OR/input_Admin_oxd-input oxd-input--focus'

31-01-2024T21:16:58 - [TEST_STEP][PASSED] - verifyElementText(findTestObject("Object Repository/OrangeHRMPages/OrangeHRM_Search_OR/span_search"), searchItem): Actual text and expected text of test object 'Object Repository/OrangeHRMPages/OrangeHRM_Search_OR/span_search' are matched.

31-01-2024T21:16:58 - [MESSAGE][PASSED] - Actual text and expected text of test object 'Object Repository/OrangeHRMPages/OrangeHRM_Search_OR/span_search' are matched.

31-01-2024T21:16:58 - [TEST_STEP][PASSED] - Start listener action : sampleAfterTestCase: null

31-01-2024T21:16:58 - [TEST_STEP][PASSED] - println(testCaseContext.getTestCaseId()): null

31-01-2024T21:16:58 - [TEST_STEP][PASSED] - println(testCaseContext.getTestCaseStatus()): null]]></system-out>
         <system-err><![CDATA[]]></system-err>
      </testcase>
      <testcase name="Test Cases/Data Driven/TC_OrangeHRM_Search_004" time="1.751" classname="Test Cases/Data Driven/TC_OrangeHRM_Search_004" status="PASSED">
         <system-out><![CDATA[31-01-2024T21:16:58 - [TEST_CASE][PASSED] - Test Cases/Data Driven/TC_OrangeHRM_Search_004: Test Cases/Data Driven/TC_OrangeHRM_Search_004

31-01-2024T21:16:58 - [TEST_STEP][PASSED] - Start listener action : sampleBeforeTestCase: null

31-01-2024T21:16:58 - [TEST_STEP][PASSED] - println(testCaseContext.getTestCaseId()): null

31-01-2024T21:16:58 - [TEST_STEP][PASSED] - println(testCaseContext.getTestCaseVariables()): null

31-01-2024T21:16:58 - [TEST_STEP][PASSED] - Start setup action : setupTestCase: Method 'setupTestCase' complete successfully

31-01-2024T21:16:58 - [TEST_STEP][PASSED] - commonUtils.Utils.clearText(findTestObject("OrangeHRMPages/OrangeHRM_Search_OR/input_Admin_oxd-input oxd-input--focus")): commonUtils.Utils.clearText is PASSED

31-01-2024T21:16:58 - [MESSAGE][PASSED] - Keys 'CONTROL + a' sent to object: 'Object Repository/OrangeHRMPages/OrangeHRM_Search_OR/input_Admin_oxd-input oxd-input--focus'

31-01-2024T21:16:59 - [MESSAGE][PASSED] - Keys 'BACK_SPACE + ' sent to object: 'Object Repository/OrangeHRMPages/OrangeHRM_Search_OR/input_Admin_oxd-input oxd-input--focus'

31-01-2024T21:16:59 - [MESSAGE][PASSED] - commonUtils.Utils.clearText is PASSED

31-01-2024T21:16:59 - [MESSAGE][PASSED] - Method 'setupTestCase' complete successfully

31-01-2024T21:16:59 - [TEST_STEP][PASSED] - setText(findTestObject("Object Repository/OrangeHRMPages/OrangeHRM_Search_OR/input_Admin_oxd-input oxd-input--focus"), searchItem): Text 'Recruitment' is set on object 'Object Repository/OrangeHRMPages/OrangeHRM_Search_OR/input_Admin_oxd-input oxd-input--focus'

31-01-2024T21:16:59 - [MESSAGE][PASSED] - Text 'Recruitment' is set on object 'Object Repository/OrangeHRMPages/OrangeHRM_Search_OR/input_Admin_oxd-input oxd-input--focus'

31-01-2024T21:16:59 - [TEST_STEP][PASSED] - verifyElementText(findTestObject("Object Repository/OrangeHRMPages/OrangeHRM_Search_OR/span_search"), searchItem): Actual text and expected text of test object 'Object Repository/OrangeHRMPages/OrangeHRM_Search_OR/span_search' are matched.

31-01-2024T21:17:00 - [MESSAGE][PASSED] - Actual text and expected text of test object 'Object Repository/OrangeHRMPages/OrangeHRM_Search_OR/span_search' are matched.

31-01-2024T21:17:00 - [TEST_STEP][PASSED] - Start listener action : sampleAfterTestCase: null

31-01-2024T21:17:00 - [TEST_STEP][PASSED] - println(testCaseContext.getTestCaseId()): null

31-01-2024T21:17:00 - [TEST_STEP][PASSED] - println(testCaseContext.getTestCaseStatus()): null]]></system-out>
         <system-err><![CDATA[]]></system-err>
      </testcase>
      <testcase name="Test Cases/Data Driven/TC_OrangeHRM_Search_004" time="1.686" classname="Test Cases/Data Driven/TC_OrangeHRM_Search_004" status="PASSED">
         <system-out><![CDATA[31-01-2024T21:17:00 - [TEST_CASE][PASSED] - Test Cases/Data Driven/TC_OrangeHRM_Search_004: Test Cases/Data Driven/TC_OrangeHRM_Search_004

31-01-2024T21:17:00 - [TEST_STEP][PASSED] - Start listener action : sampleBeforeTestCase: null

31-01-2024T21:17:00 - [TEST_STEP][PASSED] - println(testCaseContext.getTestCaseId()): null

31-01-2024T21:17:00 - [TEST_STEP][PASSED] - println(testCaseContext.getTestCaseVariables()): null

31-01-2024T21:17:00 - [TEST_STEP][PASSED] - Start setup action : setupTestCase: Method 'setupTestCase' complete successfully

31-01-2024T21:17:00 - [TEST_STEP][PASSED] - commonUtils.Utils.clearText(findTestObject("OrangeHRMPages/OrangeHRM_Search_OR/input_Admin_oxd-input oxd-input--focus")): commonUtils.Utils.clearText is PASSED

31-01-2024T21:17:00 - [MESSAGE][PASSED] - Keys 'CONTROL + a' sent to object: 'Object Repository/OrangeHRMPages/OrangeHRM_Search_OR/input_Admin_oxd-input oxd-input--focus'

31-01-2024T21:17:00 - [MESSAGE][PASSED] - Keys 'BACK_SPACE + ' sent to object: 'Object Repository/OrangeHRMPages/OrangeHRM_Search_OR/input_Admin_oxd-input oxd-input--focus'

31-01-2024T21:17:00 - [MESSAGE][PASSED] - commonUtils.Utils.clearText is PASSED

31-01-2024T21:17:00 - [MESSAGE][PASSED] - Method 'setupTestCase' complete successfully

31-01-2024T21:17:00 - [TEST_STEP][PASSED] - setText(findTestObject("Object Repository/OrangeHRMPages/OrangeHRM_Search_OR/input_Admin_oxd-input oxd-input--focus"), searchItem): Text 'My Info' is set on object 'Object Repository/OrangeHRMPages/OrangeHRM_Search_OR/input_Admin_oxd-input oxd-input--focus'

31-01-2024T21:17:01 - [MESSAGE][PASSED] - Text 'My Info' is set on object 'Object Repository/OrangeHRMPages/OrangeHRM_Search_OR/input_Admin_oxd-input oxd-input--focus'

31-01-2024T21:17:01 - [TEST_STEP][PASSED] - verifyElementText(findTestObject("Object Repository/OrangeHRMPages/OrangeHRM_Search_OR/span_search"), searchItem): Actual text and expected text of test object 'Object Repository/OrangeHRMPages/OrangeHRM_Search_OR/span_search' are matched.

31-01-2024T21:17:02 - [MESSAGE][PASSED] - Actual text and expected text of test object 'Object Repository/OrangeHRMPages/OrangeHRM_Search_OR/span_search' are matched.

31-01-2024T21:17:02 - [TEST_STEP][PASSED] - Start listener action : sampleAfterTestCase: null

31-01-2024T21:17:02 - [TEST_STEP][PASSED] - println(testCaseContext.getTestCaseId()): null

31-01-2024T21:17:02 - [TEST_STEP][PASSED] - println(testCaseContext.getTestCaseStatus()): null]]></system-out>
         <system-err><![CDATA[]]></system-err>
      </testcase>
      <testcase name="Test Cases/Data Driven/TC_OrangeHRM_Search_004" time="1.683" classname="Test Cases/Data Driven/TC_OrangeHRM_Search_004" status="PASSED">
         <system-out><![CDATA[31-01-2024T21:17:02 - [TEST_CASE][PASSED] - Test Cases/Data Driven/TC_OrangeHRM_Search_004: Test Cases/Data Driven/TC_OrangeHRM_Search_004

31-01-2024T21:17:02 - [TEST_STEP][PASSED] - Start listener action : sampleBeforeTestCase: null

31-01-2024T21:17:02 - [TEST_STEP][PASSED] - println(testCaseContext.getTestCaseId()): null

31-01-2024T21:17:02 - [TEST_STEP][PASSED] - println(testCaseContext.getTestCaseVariables()): null

31-01-2024T21:17:02 - [TEST_STEP][PASSED] - Start setup action : setupTestCase: Method 'setupTestCase' complete successfully

31-01-2024T21:17:02 - [TEST_STEP][PASSED] - commonUtils.Utils.clearText(findTestObject("OrangeHRMPages/OrangeHRM_Search_OR/input_Admin_oxd-input oxd-input--focus")): commonUtils.Utils.clearText is PASSED

31-01-2024T21:17:02 - [MESSAGE][PASSED] - Keys 'CONTROL + a' sent to object: 'Object Repository/OrangeHRMPages/OrangeHRM_Search_OR/input_Admin_oxd-input oxd-input--focus'

31-01-2024T21:17:02 - [MESSAGE][PASSED] - Keys 'BACK_SPACE + ' sent to object: 'Object Repository/OrangeHRMPages/OrangeHRM_Search_OR/input_Admin_oxd-input oxd-input--focus'

31-01-2024T21:17:02 - [MESSAGE][PASSED] - commonUtils.Utils.clearText is PASSED

31-01-2024T21:17:02 - [MESSAGE][PASSED] - Method 'setupTestCase' complete successfully

31-01-2024T21:17:02 - [TEST_STEP][PASSED] - setText(findTestObject("Object Repository/OrangeHRMPages/OrangeHRM_Search_OR/input_Admin_oxd-input oxd-input--focus"), searchItem): Text 'Performance' is set on object 'Object Repository/OrangeHRMPages/OrangeHRM_Search_OR/input_Admin_oxd-input oxd-input--focus'

31-01-2024T21:17:03 - [MESSAGE][PASSED] - Text 'Performance' is set on object 'Object Repository/OrangeHRMPages/OrangeHRM_Search_OR/input_Admin_oxd-input oxd-input--focus'

31-01-2024T21:17:03 - [TEST_STEP][PASSED] - verifyElementText(findTestObject("Object Repository/OrangeHRMPages/OrangeHRM_Search_OR/span_search"), searchItem): Actual text and expected text of test object 'Object Repository/OrangeHRMPages/OrangeHRM_Search_OR/span_search' are matched.

31-01-2024T21:17:03 - [MESSAGE][PASSED] - Actual text and expected text of test object 'Object Repository/OrangeHRMPages/OrangeHRM_Search_OR/span_search' are matched.

31-01-2024T21:17:03 - [TEST_STEP][PASSED] - Start listener action : sampleAfterTestCase: null

31-01-2024T21:17:03 - [TEST_STEP][PASSED] - println(testCaseContext.getTestCaseId()): null

31-01-2024T21:17:03 - [TEST_STEP][PASSED] - println(testCaseContext.getTestCaseStatus()): null]]></system-out>
         <system-err><![CDATA[]]></system-err>
      </testcase>
      <testcase name="Test Cases/Data Driven/TC_OrangeHRM_Search_004" time="1.679" classname="Test Cases/Data Driven/TC_OrangeHRM_Search_004" status="PASSED">
         <system-out><![CDATA[31-01-2024T21:17:03 - [TEST_CASE][PASSED] - Test Cases/Data Driven/TC_OrangeHRM_Search_004: Test Cases/Data Driven/TC_OrangeHRM_Search_004

31-01-2024T21:17:03 - [TEST_STEP][PASSED] - Start listener action : sampleBeforeTestCase: null

31-01-2024T21:17:03 - [TEST_STEP][PASSED] - println(testCaseContext.getTestCaseId()): null

31-01-2024T21:17:03 - [TEST_STEP][PASSED] - println(testCaseContext.getTestCaseVariables()): null

31-01-2024T21:17:03 - [TEST_STEP][PASSED] - Start setup action : setupTestCase: Method 'setupTestCase' complete successfully

31-01-2024T21:17:03 - [TEST_STEP][PASSED] - commonUtils.Utils.clearText(findTestObject("OrangeHRMPages/OrangeHRM_Search_OR/input_Admin_oxd-input oxd-input--focus")): commonUtils.Utils.clearText is PASSED

31-01-2024T21:17:04 - [MESSAGE][PASSED] - Keys 'CONTROL + a' sent to object: 'Object Repository/OrangeHRMPages/OrangeHRM_Search_OR/input_Admin_oxd-input oxd-input--focus'

31-01-2024T21:17:04 - [MESSAGE][PASSED] - Keys 'BACK_SPACE + ' sent to object: 'Object Repository/OrangeHRMPages/OrangeHRM_Search_OR/input_Admin_oxd-input oxd-input--focus'

31-01-2024T21:17:04 - [MESSAGE][PASSED] - commonUtils.Utils.clearText is PASSED

31-01-2024T21:17:04 - [MESSAGE][PASSED] - Method 'setupTestCase' complete successfully

31-01-2024T21:17:04 - [TEST_STEP][PASSED] - setText(findTestObject("Object Repository/OrangeHRMPages/OrangeHRM_Search_OR/input_Admin_oxd-input oxd-input--focus"), searchItem): Text 'Dashboard' is set on object 'Object Repository/OrangeHRMPages/OrangeHRM_Search_OR/input_Admin_oxd-input oxd-input--focus'

31-01-2024T21:17:04 - [MESSAGE][PASSED] - Text 'Dashboard' is set on object 'Object Repository/OrangeHRMPages/OrangeHRM_Search_OR/input_Admin_oxd-input oxd-input--focus'

31-01-2024T21:17:04 - [TEST_STEP][PASSED] - verifyElementText(findTestObject("Object Repository/OrangeHRMPages/OrangeHRM_Search_OR/span_search"), searchItem): Actual text and expected text of test object 'Object Repository/OrangeHRMPages/OrangeHRM_Search_OR/span_search' are matched.

31-01-2024T21:17:05 - [MESSAGE][PASSED] - Actual text and expected text of test object 'Object Repository/OrangeHRMPages/OrangeHRM_Search_OR/span_search' are matched.

31-01-2024T21:17:05 - [TEST_STEP][PASSED] - Start listener action : sampleAfterTestCase: null

31-01-2024T21:17:05 - [TEST_STEP][PASSED] - println(testCaseContext.getTestCaseId()): null

31-01-2024T21:17:05 - [TEST_STEP][PASSED] - println(testCaseContext.getTestCaseStatus()): null]]></system-out>
         <system-err><![CDATA[]]></system-err>
      </testcase>
      <testcase name="Test Cases/Data Driven/TC_OrangeHRM_Search_004" time="1.631" classname="Test Cases/Data Driven/TC_OrangeHRM_Search_004" status="PASSED">
         <system-out><![CDATA[31-01-2024T21:17:05 - [TEST_CASE][PASSED] - Test Cases/Data Driven/TC_OrangeHRM_Search_004: Test Cases/Data Driven/TC_OrangeHRM_Search_004

31-01-2024T21:17:05 - [TEST_STEP][PASSED] - Start listener action : sampleBeforeTestCase: null

31-01-2024T21:17:05 - [TEST_STEP][PASSED] - println(testCaseContext.getTestCaseId()): null

31-01-2024T21:17:05 - [TEST_STEP][PASSED] - println(testCaseContext.getTestCaseVariables()): null

31-01-2024T21:17:05 - [TEST_STEP][PASSED] - Start setup action : setupTestCase: Method 'setupTestCase' complete successfully

31-01-2024T21:17:05 - [TEST_STEP][PASSED] - commonUtils.Utils.clearText(findTestObject("OrangeHRMPages/OrangeHRM_Search_OR/input_Admin_oxd-input oxd-input--focus")): commonUtils.Utils.clearText is PASSED

31-01-2024T21:17:05 - [MESSAGE][PASSED] - Keys 'CONTROL + a' sent to object: 'Object Repository/OrangeHRMPages/OrangeHRM_Search_OR/input_Admin_oxd-input oxd-input--focus'

31-01-2024T21:17:05 - [MESSAGE][PASSED] - Keys 'BACK_SPACE + ' sent to object: 'Object Repository/OrangeHRMPages/OrangeHRM_Search_OR/input_Admin_oxd-input oxd-input--focus'

31-01-2024T21:17:05 - [MESSAGE][PASSED] - commonUtils.Utils.clearText is PASSED

31-01-2024T21:17:05 - [MESSAGE][PASSED] - Method 'setupTestCase' complete successfully

31-01-2024T21:17:05 - [TEST_STEP][PASSED] - setText(findTestObject("Object Repository/OrangeHRMPages/OrangeHRM_Search_OR/input_Admin_oxd-input oxd-input--focus"), searchItem): Text 'Directory' is set on object 'Object Repository/OrangeHRMPages/OrangeHRM_Search_OR/input_Admin_oxd-input oxd-input--focus'

31-01-2024T21:17:06 - [MESSAGE][PASSED] - Text 'Directory' is set on object 'Object Repository/OrangeHRMPages/OrangeHRM_Search_OR/input_Admin_oxd-input oxd-input--focus'

31-01-2024T21:17:06 - [TEST_STEP][PASSED] - verifyElementText(findTestObject("Object Repository/OrangeHRMPages/OrangeHRM_Search_OR/span_search"), searchItem): Actual text and expected text of test object 'Object Repository/OrangeHRMPages/OrangeHRM_Search_OR/span_search' are matched.

31-01-2024T21:17:07 - [MESSAGE][PASSED] - Actual text and expected text of test object 'Object Repository/OrangeHRMPages/OrangeHRM_Search_OR/span_search' are matched.

31-01-2024T21:17:07 - [TEST_STEP][PASSED] - Start listener action : sampleAfterTestCase: null

31-01-2024T21:17:07 - [TEST_STEP][PASSED] - println(testCaseContext.getTestCaseId()): null

31-01-2024T21:17:07 - [TEST_STEP][PASSED] - println(testCaseContext.getTestCaseStatus()): null]]></system-out>
         <system-err><![CDATA[]]></system-err>
      </testcase>
      <testcase name="Test Cases/Data Driven/TC_OrangeHRM_Search_004" time="1.678" classname="Test Cases/Data Driven/TC_OrangeHRM_Search_004" status="PASSED">
         <system-out><![CDATA[31-01-2024T21:17:07 - [TEST_CASE][PASSED] - Test Cases/Data Driven/TC_OrangeHRM_Search_004: Test Cases/Data Driven/TC_OrangeHRM_Search_004

31-01-2024T21:17:07 - [TEST_STEP][PASSED] - Start listener action : sampleBeforeTestCase: null

31-01-2024T21:17:07 - [TEST_STEP][PASSED] - println(testCaseContext.getTestCaseId()): null

31-01-2024T21:17:07 - [TEST_STEP][PASSED] - println(testCaseContext.getTestCaseVariables()): null

31-01-2024T21:17:07 - [TEST_STEP][PASSED] - Start setup action : setupTestCase: Method 'setupTestCase' complete successfully

31-01-2024T21:17:07 - [TEST_STEP][PASSED] - commonUtils.Utils.clearText(findTestObject("OrangeHRMPages/OrangeHRM_Search_OR/input_Admin_oxd-input oxd-input--focus")): commonUtils.Utils.clearText is PASSED

31-01-2024T21:17:07 - [MESSAGE][PASSED] - Keys 'CONTROL + a' sent to object: 'Object Repository/OrangeHRMPages/OrangeHRM_Search_OR/input_Admin_oxd-input oxd-input--focus'

31-01-2024T21:17:07 - [MESSAGE][PASSED] - Keys 'BACK_SPACE + ' sent to object: 'Object Repository/OrangeHRMPages/OrangeHRM_Search_OR/input_Admin_oxd-input oxd-input--focus'

31-01-2024T21:17:07 - [MESSAGE][PASSED] - commonUtils.Utils.clearText is PASSED

31-01-2024T21:17:07 - [MESSAGE][PASSED] - Method 'setupTestCase' complete successfully

31-01-2024T21:17:07 - [TEST_STEP][PASSED] - setText(findTestObject("Object Repository/OrangeHRMPages/OrangeHRM_Search_OR/input_Admin_oxd-input oxd-input--focus"), searchItem): Text 'Maintenance' is set on object 'Object Repository/OrangeHRMPages/OrangeHRM_Search_OR/input_Admin_oxd-input oxd-input--focus'

31-01-2024T21:17:08 - [MESSAGE][PASSED] - Text 'Maintenance' is set on object 'Object Repository/OrangeHRMPages/OrangeHRM_Search_OR/input_Admin_oxd-input oxd-input--focus'

31-01-2024T21:17:08 - [TEST_STEP][PASSED] - verifyElementText(findTestObject("Object Repository/OrangeHRMPages/OrangeHRM_Search_OR/span_search"), searchItem): Actual text and expected text of test object 'Object Repository/OrangeHRMPages/OrangeHRM_Search_OR/span_search' are matched.

31-01-2024T21:17:08 - [MESSAGE][PASSED] - Actual text and expected text of test object 'Object Repository/OrangeHRMPages/OrangeHRM_Search_OR/span_search' are matched.

31-01-2024T21:17:08 - [TEST_STEP][PASSED] - Start listener action : sampleAfterTestCase: null

31-01-2024T21:17:08 - [TEST_STEP][PASSED] - println(testCaseContext.getTestCaseId()): null

31-01-2024T21:17:08 - [TEST_STEP][PASSED] - println(testCaseContext.getTestCaseStatus()): null]]></system-out>
         <system-err><![CDATA[]]></system-err>
      </testcase>
      <testcase name="Test Cases/Data Driven/TC_OrangeHRM_Search_004" time="1.694" classname="Test Cases/Data Driven/TC_OrangeHRM_Search_004" status="PASSED">
         <system-out><![CDATA[31-01-2024T21:17:08 - [TEST_CASE][PASSED] - Test Cases/Data Driven/TC_OrangeHRM_Search_004: Test Cases/Data Driven/TC_OrangeHRM_Search_004

31-01-2024T21:17:08 - [TEST_STEP][PASSED] - Start listener action : sampleBeforeTestCase: null

31-01-2024T21:17:08 - [TEST_STEP][PASSED] - println(testCaseContext.getTestCaseId()): null

31-01-2024T21:17:08 - [TEST_STEP][PASSED] - println(testCaseContext.getTestCaseVariables()): null

31-01-2024T21:17:08 - [TEST_STEP][PASSED] - Start setup action : setupTestCase: Method 'setupTestCase' complete successfully

31-01-2024T21:17:08 - [TEST_STEP][PASSED] - commonUtils.Utils.clearText(findTestObject("OrangeHRMPages/OrangeHRM_Search_OR/input_Admin_oxd-input oxd-input--focus")): commonUtils.Utils.clearText is PASSED

31-01-2024T21:17:09 - [MESSAGE][PASSED] - Keys 'CONTROL + a' sent to object: 'Object Repository/OrangeHRMPages/OrangeHRM_Search_OR/input_Admin_oxd-input oxd-input--focus'

31-01-2024T21:17:09 - [MESSAGE][PASSED] - Keys 'BACK_SPACE + ' sent to object: 'Object Repository/OrangeHRMPages/OrangeHRM_Search_OR/input_Admin_oxd-input oxd-input--focus'

31-01-2024T21:17:09 - [MESSAGE][PASSED] - commonUtils.Utils.clearText is PASSED

31-01-2024T21:17:09 - [MESSAGE][PASSED] - Method 'setupTestCase' complete successfully

31-01-2024T21:17:09 - [TEST_STEP][PASSED] - setText(findTestObject("Object Repository/OrangeHRMPages/OrangeHRM_Search_OR/input_Admin_oxd-input oxd-input--focus"), searchItem): Text 'Claim' is set on object 'Object Repository/OrangeHRMPages/OrangeHRM_Search_OR/input_Admin_oxd-input oxd-input--focus'

31-01-2024T21:17:10 - [MESSAGE][PASSED] - Text 'Claim' is set on object 'Object Repository/OrangeHRMPages/OrangeHRM_Search_OR/input_Admin_oxd-input oxd-input--focus'

31-01-2024T21:17:10 - [TEST_STEP][PASSED] - verifyElementText(findTestObject("Object Repository/OrangeHRMPages/OrangeHRM_Search_OR/span_search"), searchItem): Actual text and expected text of test object 'Object Repository/OrangeHRMPages/OrangeHRM_Search_OR/span_search' are matched.

31-01-2024T21:17:10 - [MESSAGE][PASSED] - Actual text and expected text of test object 'Object Repository/OrangeHRMPages/OrangeHRM_Search_OR/span_search' are matched.

31-01-2024T21:17:10 - [TEST_STEP][PASSED] - Start listener action : sampleAfterTestCase: null

31-01-2024T21:17:10 - [TEST_STEP][PASSED] - println(testCaseContext.getTestCaseId()): null

31-01-2024T21:17:10 - [TEST_STEP][PASSED] - println(testCaseContext.getTestCaseStatus()): null]]></system-out>
         <system-err><![CDATA[]]></system-err>
      </testcase>
      <testcase name="Test Cases/Data Driven/TC_OrangeHRM_Search_004" time="1.677" classname="Test Cases/Data Driven/TC_OrangeHRM_Search_004" status="PASSED">
         <system-out><![CDATA[31-01-2024T21:17:10 - [TEST_CASE][PASSED] - Test Cases/Data Driven/TC_OrangeHRM_Search_004: Test Cases/Data Driven/TC_OrangeHRM_Search_004

31-01-2024T21:17:10 - [TEST_STEP][PASSED] - Start listener action : sampleBeforeTestCase: null

31-01-2024T21:17:10 - [TEST_STEP][PASSED] - println(testCaseContext.getTestCaseId()): null

31-01-2024T21:17:10 - [TEST_STEP][PASSED] - println(testCaseContext.getTestCaseVariables()): null

31-01-2024T21:17:10 - [TEST_STEP][PASSED] - Start setup action : setupTestCase: Method 'setupTestCase' complete successfully

31-01-2024T21:17:10 - [TEST_STEP][PASSED] - commonUtils.Utils.clearText(findTestObject("OrangeHRMPages/OrangeHRM_Search_OR/input_Admin_oxd-input oxd-input--focus")): commonUtils.Utils.clearText is PASSED

31-01-2024T21:17:10 - [MESSAGE][PASSED] - Keys 'CONTROL + a' sent to object: 'Object Repository/OrangeHRMPages/OrangeHRM_Search_OR/input_Admin_oxd-input oxd-input--focus'

31-01-2024T21:17:11 - [MESSAGE][PASSED] - Keys 'BACK_SPACE + ' sent to object: 'Object Repository/OrangeHRMPages/OrangeHRM_Search_OR/input_Admin_oxd-input oxd-input--focus'

31-01-2024T21:17:11 - [MESSAGE][PASSED] - commonUtils.Utils.clearText is PASSED

31-01-2024T21:17:11 - [MESSAGE][PASSED] - Method 'setupTestCase' complete successfully

31-01-2024T21:17:11 - [TEST_STEP][PASSED] - setText(findTestObject("Object Repository/OrangeHRMPages/OrangeHRM_Search_OR/input_Admin_oxd-input oxd-input--focus"), searchItem): Text 'Buzz' is set on object 'Object Repository/OrangeHRMPages/OrangeHRM_Search_OR/input_Admin_oxd-input oxd-input--focus'

31-01-2024T21:17:11 - [MESSAGE][PASSED] - Text 'Buzz' is set on object 'Object Repository/OrangeHRMPages/OrangeHRM_Search_OR/input_Admin_oxd-input oxd-input--focus'

31-01-2024T21:17:11 - [TEST_STEP][PASSED] - verifyElementText(findTestObject("Object Repository/OrangeHRMPages/OrangeHRM_Search_OR/span_search"), searchItem): Actual text and expected text of test object 'Object Repository/OrangeHRMPages/OrangeHRM_Search_OR/span_search' are matched.

31-01-2024T21:17:12 - [MESSAGE][PASSED] - Actual text and expected text of test object 'Object Repository/OrangeHRMPages/OrangeHRM_Search_OR/span_search' are matched.

31-01-2024T21:17:12 - [TEST_STEP][PASSED] - Start listener action : sampleAfterTestCase: null

31-01-2024T21:17:12 - [TEST_STEP][PASSED] - println(testCaseContext.getTestCaseId()): null

31-01-2024T21:17:12 - [TEST_STEP][PASSED] - println(testCaseContext.getTestCaseStatus()): null]]></system-out>
         <system-err><![CDATA[]]></system-err>
      </testcase>
      <system-out><![CDATA[31-01-2024T21:16:34 - [TEST_SUITE][PASSED] - OrangeHRM_TestSuite_Search_002: Test Cases/Data Driven/TC_OrangeHRM_Search_004]]></system-out>
      <system-err><![CDATA[]]></system-err>
   </testsuite>
</testsuites>
