<?xml version="1.0" encoding="UTF-8"?>
<testsuites name="OrangeHRM_TestSuite_Search_002" time="82.085" tests="12" failures="0" errors="0">
   <testsuite name="OrangeHRM_TestSuite_Search_002" tests="12" failures="0" errors="0" time="82.085" skipped="0" timestamp="31-01-2024T16:05:32" hostname="racericon - racer" id="Test Suites/OrangeHRM_TestSuite/DataDrivenTests/OrangeHRM_TestSuite_Search_002">
      <properties>
         <property name="deviceName" value=""/>
         <property name="devicePlatform" value=""/>
         <property name="logFolder" value="/home/racericon/git/SI-GuidedProject-704078-1704718618/Reports/20240131_160501/OrangeHRM_TestSuite/DataDrivenTests/OrangeHRM_TestSuite_Search_002/20240131_160530"/>
         <property name="logFiles" value="/home/racericon/git/SI-GuidedProject-704078-1704718618/Reports/20240131_160501/OrangeHRM_TestSuite/DataDrivenTests/OrangeHRM_TestSuite_Search_002/20240131_160530/execution0.log"/>
         <property name="attachments" value=""/>
         <property name="hostName" value="racericon - racer"/>
         <property name="os" value="Linux 64bit"/>
         <property name="katalonVersion" value="9.2.0.212"/>
         <property name="browser" value="Firefox 115.0"/>
         <property name="hostAddress" value="127.0.1.1"/>
         <property name="sessionId" value="76369c51-4e39-4c9d-a8d0-2a2140666402"/>
         <property name="seleniumVersion" value="3.141.59"/>
         <property name="proxyInformation" value="ProxyInformation { proxyOption=NO_PROXY, proxyServerType=HTTP, username=, password=********, proxyServerAddress=, proxyServerPort=0, executionList=&quot;&quot;, isApplyToDesiredCapabilities=true }"/>
         <property name="platform" value="Linux"/>
      </properties>
      <testcase name="Test Cases/Data Driven/TC_OrangeHRM_Search_004" time="1.731" classname="Test Cases/Data Driven/TC_OrangeHRM_Search_004" status="PASSED">
         <system-out><![CDATA[31-01-2024T16:06:34 - [TEST_CASE][PASSED] - Test Cases/Data Driven/TC_OrangeHRM_Search_004: Test Cases/Data Driven/TC_OrangeHRM_Search_004

31-01-2024T16:06:34 - [TEST_STEP][PASSED] - Start setup action : setupTestCase: Method 'setupTestCase' complete successfully

31-01-2024T16:06:34 - [TEST_STEP][PASSED] - commonUtils.Utils.clearText(findTestObject("OrangeHRMPages/OrangeHRM_Search_OR/input_Admin_oxd-input oxd-input--focus")): commonUtils.Utils.clearText is PASSED

31-01-2024T16:06:35 - [MESSAGE][PASSED] - Keys 'CONTROL + a' sent to object: 'Object Repository/OrangeHRMPages/OrangeHRM_Search_OR/input_Admin_oxd-input oxd-input--focus'

31-01-2024T16:06:35 - [MESSAGE][PASSED] - Keys 'BACK_SPACE + ' sent to object: 'Object Repository/OrangeHRMPages/OrangeHRM_Search_OR/input_Admin_oxd-input oxd-input--focus'

31-01-2024T16:06:35 - [MESSAGE][PASSED] - commonUtils.Utils.clearText is PASSED

31-01-2024T16:06:35 - [MESSAGE][PASSED] - Method 'setupTestCase' complete successfully

31-01-2024T16:06:35 - [TEST_STEP][PASSED] - setText(findTestObject("Object Repository/OrangeHRMPages/OrangeHRM_Search_OR/input_Admin_oxd-input oxd-input--focus"), searchItem): Text 'Admin' is set on object 'Object Repository/OrangeHRMPages/OrangeHRM_Search_OR/input_Admin_oxd-input oxd-input--focus'

31-01-2024T16:06:36 - [MESSAGE][PASSED] - Text 'Admin' is set on object 'Object Repository/OrangeHRMPages/OrangeHRM_Search_OR/input_Admin_oxd-input oxd-input--focus'

31-01-2024T16:06:36 - [TEST_STEP][PASSED] - verifyElementText(findTestObject("Object Repository/OrangeHRMPages/OrangeHRM_Search_OR/span_search"), searchItem): Actual text and expected text of test object 'Object Repository/OrangeHRMPages/OrangeHRM_Search_OR/span_search' are matched.

31-01-2024T16:06:36 - [MESSAGE][PASSED] - Actual text and expected text of test object 'Object Repository/OrangeHRMPages/OrangeHRM_Search_OR/span_search' are matched.]]></system-out>
         <system-err><![CDATA[]]></system-err>
      </testcase>
      <testcase name="Test Cases/Data Driven/TC_OrangeHRM_Search_004" time="1.649" classname="Test Cases/Data Driven/TC_OrangeHRM_Search_004" status="PASSED">
         <system-out><![CDATA[31-01-2024T16:06:36 - [TEST_CASE][PASSED] - Test Cases/Data Driven/TC_OrangeHRM_Search_004: Test Cases/Data Driven/TC_OrangeHRM_Search_004

31-01-2024T16:06:36 - [TEST_STEP][PASSED] - Start setup action : setupTestCase: Method 'setupTestCase' complete successfully

31-01-2024T16:06:36 - [TEST_STEP][PASSED] - commonUtils.Utils.clearText(findTestObject("OrangeHRMPages/OrangeHRM_Search_OR/input_Admin_oxd-input oxd-input--focus")): commonUtils.Utils.clearText is PASSED

31-01-2024T16:06:36 - [MESSAGE][PASSED] - Keys 'CONTROL + a' sent to object: 'Object Repository/OrangeHRMPages/OrangeHRM_Search_OR/input_Admin_oxd-input oxd-input--focus'

31-01-2024T16:06:37 - [MESSAGE][PASSED] - Keys 'BACK_SPACE + ' sent to object: 'Object Repository/OrangeHRMPages/OrangeHRM_Search_OR/input_Admin_oxd-input oxd-input--focus'

31-01-2024T16:06:37 - [MESSAGE][PASSED] - commonUtils.Utils.clearText is PASSED

31-01-2024T16:06:37 - [MESSAGE][PASSED] - Method 'setupTestCase' complete successfully

31-01-2024T16:06:37 - [TEST_STEP][PASSED] - setText(findTestObject("Object Repository/OrangeHRMPages/OrangeHRM_Search_OR/input_Admin_oxd-input oxd-input--focus"), searchItem): Text 'PIM' is set on object 'Object Repository/OrangeHRMPages/OrangeHRM_Search_OR/input_Admin_oxd-input oxd-input--focus'

31-01-2024T16:06:37 - [MESSAGE][PASSED] - Text 'PIM' is set on object 'Object Repository/OrangeHRMPages/OrangeHRM_Search_OR/input_Admin_oxd-input oxd-input--focus'

31-01-2024T16:06:37 - [TEST_STEP][PASSED] - verifyElementText(findTestObject("Object Repository/OrangeHRMPages/OrangeHRM_Search_OR/span_search"), searchItem): Actual text and expected text of test object 'Object Repository/OrangeHRMPages/OrangeHRM_Search_OR/span_search' are matched.

31-01-2024T16:06:38 - [MESSAGE][PASSED] - Actual text and expected text of test object 'Object Repository/OrangeHRMPages/OrangeHRM_Search_OR/span_search' are matched.]]></system-out>
         <system-err><![CDATA[]]></system-err>
      </testcase>
      <testcase name="Test Cases/Data Driven/TC_OrangeHRM_Search_004" time="1.685" classname="Test Cases/Data Driven/TC_OrangeHRM_Search_004" status="PASSED">
         <system-out><![CDATA[31-01-2024T16:06:38 - [TEST_CASE][PASSED] - Test Cases/Data Driven/TC_OrangeHRM_Search_004: Test Cases/Data Driven/TC_OrangeHRM_Search_004

31-01-2024T16:06:38 - [TEST_STEP][PASSED] - Start setup action : setupTestCase: Method 'setupTestCase' complete successfully

31-01-2024T16:06:38 - [TEST_STEP][PASSED] - commonUtils.Utils.clearText(findTestObject("OrangeHRMPages/OrangeHRM_Search_OR/input_Admin_oxd-input oxd-input--focus")): commonUtils.Utils.clearText is PASSED

31-01-2024T16:06:38 - [MESSAGE][PASSED] - Keys 'CONTROL + a' sent to object: 'Object Repository/OrangeHRMPages/OrangeHRM_Search_OR/input_Admin_oxd-input oxd-input--focus'

31-01-2024T16:06:38 - [MESSAGE][PASSED] - Keys 'BACK_SPACE + ' sent to object: 'Object Repository/OrangeHRMPages/OrangeHRM_Search_OR/input_Admin_oxd-input oxd-input--focus'

31-01-2024T16:06:38 - [MESSAGE][PASSED] - commonUtils.Utils.clearText is PASSED

31-01-2024T16:06:38 - [MESSAGE][PASSED] - Method 'setupTestCase' complete successfully

31-01-2024T16:06:38 - [TEST_STEP][PASSED] - setText(findTestObject("Object Repository/OrangeHRMPages/OrangeHRM_Search_OR/input_Admin_oxd-input oxd-input--focus"), searchItem): Text 'Leave' is set on object 'Object Repository/OrangeHRMPages/OrangeHRM_Search_OR/input_Admin_oxd-input oxd-input--focus'

31-01-2024T16:06:39 - [MESSAGE][PASSED] - Text 'Leave' is set on object 'Object Repository/OrangeHRMPages/OrangeHRM_Search_OR/input_Admin_oxd-input oxd-input--focus'

31-01-2024T16:06:39 - [TEST_STEP][PASSED] - verifyElementText(findTestObject("Object Repository/OrangeHRMPages/OrangeHRM_Search_OR/span_search"), searchItem): Actual text and expected text of test object 'Object Repository/OrangeHRMPages/OrangeHRM_Search_OR/span_search' are matched.

31-01-2024T16:06:39 - [MESSAGE][PASSED] - Actual text and expected text of test object 'Object Repository/OrangeHRMPages/OrangeHRM_Search_OR/span_search' are matched.]]></system-out>
         <system-err><![CDATA[]]></system-err>
      </testcase>
      <testcase name="Test Cases/Data Driven/TC_OrangeHRM_Search_004" time="1.643" classname="Test Cases/Data Driven/TC_OrangeHRM_Search_004" status="PASSED">
         <system-out><![CDATA[31-01-2024T16:06:39 - [TEST_CASE][PASSED] - Test Cases/Data Driven/TC_OrangeHRM_Search_004: Test Cases/Data Driven/TC_OrangeHRM_Search_004

31-01-2024T16:06:39 - [TEST_STEP][PASSED] - Start setup action : setupTestCase: Method 'setupTestCase' complete successfully

31-01-2024T16:06:39 - [TEST_STEP][PASSED] - commonUtils.Utils.clearText(findTestObject("OrangeHRMPages/OrangeHRM_Search_OR/input_Admin_oxd-input oxd-input--focus")): commonUtils.Utils.clearText is PASSED

31-01-2024T16:06:40 - [MESSAGE][PASSED] - Keys 'CONTROL + a' sent to object: 'Object Repository/OrangeHRMPages/OrangeHRM_Search_OR/input_Admin_oxd-input oxd-input--focus'

31-01-2024T16:06:40 - [MESSAGE][PASSED] - Keys 'BACK_SPACE + ' sent to object: 'Object Repository/OrangeHRMPages/OrangeHRM_Search_OR/input_Admin_oxd-input oxd-input--focus'

31-01-2024T16:06:40 - [MESSAGE][PASSED] - commonUtils.Utils.clearText is PASSED

31-01-2024T16:06:40 - [MESSAGE][PASSED] - Method 'setupTestCase' complete successfully

31-01-2024T16:06:40 - [TEST_STEP][PASSED] - setText(findTestObject("Object Repository/OrangeHRMPages/OrangeHRM_Search_OR/input_Admin_oxd-input oxd-input--focus"), searchItem): Text 'Time' is set on object 'Object Repository/OrangeHRMPages/OrangeHRM_Search_OR/input_Admin_oxd-input oxd-input--focus'

31-01-2024T16:06:41 - [MESSAGE][PASSED] - Text 'Time' is set on object 'Object Repository/OrangeHRMPages/OrangeHRM_Search_OR/input_Admin_oxd-input oxd-input--focus'

31-01-2024T16:06:41 - [TEST_STEP][PASSED] - verifyElementText(findTestObject("Object Repository/OrangeHRMPages/OrangeHRM_Search_OR/span_search"), searchItem): Actual text and expected text of test object 'Object Repository/OrangeHRMPages/OrangeHRM_Search_OR/span_search' are matched.

31-01-2024T16:06:41 - [MESSAGE][PASSED] - Actual text and expected text of test object 'Object Repository/OrangeHRMPages/OrangeHRM_Search_OR/span_search' are matched.]]></system-out>
         <system-err><![CDATA[]]></system-err>
      </testcase>
      <testcase name="Test Cases/Data Driven/TC_OrangeHRM_Search_004" time="1.597" classname="Test Cases/Data Driven/TC_OrangeHRM_Search_004" status="PASSED">
         <system-out><![CDATA[31-01-2024T16:06:41 - [TEST_CASE][PASSED] - Test Cases/Data Driven/TC_OrangeHRM_Search_004: Test Cases/Data Driven/TC_OrangeHRM_Search_004

31-01-2024T16:06:41 - [TEST_STEP][PASSED] - Start setup action : setupTestCase: Method 'setupTestCase' complete successfully

31-01-2024T16:06:41 - [TEST_STEP][PASSED] - commonUtils.Utils.clearText(findTestObject("OrangeHRMPages/OrangeHRM_Search_OR/input_Admin_oxd-input oxd-input--focus")): commonUtils.Utils.clearText is PASSED

31-01-2024T16:06:41 - [MESSAGE][PASSED] - Keys 'CONTROL + a' sent to object: 'Object Repository/OrangeHRMPages/OrangeHRM_Search_OR/input_Admin_oxd-input oxd-input--focus'

31-01-2024T16:06:42 - [MESSAGE][PASSED] - Keys 'BACK_SPACE + ' sent to object: 'Object Repository/OrangeHRMPages/OrangeHRM_Search_OR/input_Admin_oxd-input oxd-input--focus'

31-01-2024T16:06:42 - [MESSAGE][PASSED] - commonUtils.Utils.clearText is PASSED

31-01-2024T16:06:42 - [MESSAGE][PASSED] - Method 'setupTestCase' complete successfully

31-01-2024T16:06:42 - [TEST_STEP][PASSED] - setText(findTestObject("Object Repository/OrangeHRMPages/OrangeHRM_Search_OR/input_Admin_oxd-input oxd-input--focus"), searchItem): Text 'Recruitment' is set on object 'Object Repository/OrangeHRMPages/OrangeHRM_Search_OR/input_Admin_oxd-input oxd-input--focus'

31-01-2024T16:06:42 - [MESSAGE][PASSED] - Text 'Recruitment' is set on object 'Object Repository/OrangeHRMPages/OrangeHRM_Search_OR/input_Admin_oxd-input oxd-input--focus'

31-01-2024T16:06:42 - [TEST_STEP][PASSED] - verifyElementText(findTestObject("Object Repository/OrangeHRMPages/OrangeHRM_Search_OR/span_search"), searchItem): Actual text and expected text of test object 'Object Repository/OrangeHRMPages/OrangeHRM_Search_OR/span_search' are matched.

31-01-2024T16:06:43 - [MESSAGE][PASSED] - Actual text and expected text of test object 'Object Repository/OrangeHRMPages/OrangeHRM_Search_OR/span_search' are matched.]]></system-out>
         <system-err><![CDATA[]]></system-err>
      </testcase>
      <testcase name="Test Cases/Data Driven/TC_OrangeHRM_Search_004" time="1.625" classname="Test Cases/Data Driven/TC_OrangeHRM_Search_004" status="PASSED">
         <system-out><![CDATA[31-01-2024T16:06:43 - [TEST_CASE][PASSED] - Test Cases/Data Driven/TC_OrangeHRM_Search_004: Test Cases/Data Driven/TC_OrangeHRM_Search_004

31-01-2024T16:06:43 - [TEST_STEP][PASSED] - Start setup action : setupTestCase: Method 'setupTestCase' complete successfully

31-01-2024T16:06:43 - [TEST_STEP][PASSED] - commonUtils.Utils.clearText(findTestObject("OrangeHRMPages/OrangeHRM_Search_OR/input_Admin_oxd-input oxd-input--focus")): commonUtils.Utils.clearText is PASSED

31-01-2024T16:06:43 - [MESSAGE][PASSED] - Keys 'CONTROL + a' sent to object: 'Object Repository/OrangeHRMPages/OrangeHRM_Search_OR/input_Admin_oxd-input oxd-input--focus'

31-01-2024T16:06:43 - [MESSAGE][PASSED] - Keys 'BACK_SPACE + ' sent to object: 'Object Repository/OrangeHRMPages/OrangeHRM_Search_OR/input_Admin_oxd-input oxd-input--focus'

31-01-2024T16:06:43 - [MESSAGE][PASSED] - commonUtils.Utils.clearText is PASSED

31-01-2024T16:06:43 - [MESSAGE][PASSED] - Method 'setupTestCase' complete successfully

31-01-2024T16:06:43 - [TEST_STEP][PASSED] - setText(findTestObject("Object Repository/OrangeHRMPages/OrangeHRM_Search_OR/input_Admin_oxd-input oxd-input--focus"), searchItem): Text 'My Info' is set on object 'Object Repository/OrangeHRMPages/OrangeHRM_Search_OR/input_Admin_oxd-input oxd-input--focus'

31-01-2024T16:06:44 - [MESSAGE][PASSED] - Text 'My Info' is set on object 'Object Repository/OrangeHRMPages/OrangeHRM_Search_OR/input_Admin_oxd-input oxd-input--focus'

31-01-2024T16:06:44 - [TEST_STEP][PASSED] - verifyElementText(findTestObject("Object Repository/OrangeHRMPages/OrangeHRM_Search_OR/span_search"), searchItem): Actual text and expected text of test object 'Object Repository/OrangeHRMPages/OrangeHRM_Search_OR/span_search' are matched.

31-01-2024T16:06:44 - [MESSAGE][PASSED] - Actual text and expected text of test object 'Object Repository/OrangeHRMPages/OrangeHRM_Search_OR/span_search' are matched.]]></system-out>
         <system-err><![CDATA[]]></system-err>
      </testcase>
      <testcase name="Test Cases/Data Driven/TC_OrangeHRM_Search_004" time="1.622" classname="Test Cases/Data Driven/TC_OrangeHRM_Search_004" status="PASSED">
         <system-out><![CDATA[31-01-2024T16:06:44 - [TEST_CASE][PASSED] - Test Cases/Data Driven/TC_OrangeHRM_Search_004: Test Cases/Data Driven/TC_OrangeHRM_Search_004

31-01-2024T16:06:44 - [TEST_STEP][PASSED] - Start setup action : setupTestCase: Method 'setupTestCase' complete successfully

31-01-2024T16:06:44 - [TEST_STEP][PASSED] - commonUtils.Utils.clearText(findTestObject("OrangeHRMPages/OrangeHRM_Search_OR/input_Admin_oxd-input oxd-input--focus")): commonUtils.Utils.clearText is PASSED

31-01-2024T16:06:45 - [MESSAGE][PASSED] - Keys 'CONTROL + a' sent to object: 'Object Repository/OrangeHRMPages/OrangeHRM_Search_OR/input_Admin_oxd-input oxd-input--focus'

31-01-2024T16:06:45 - [MESSAGE][PASSED] - Keys 'BACK_SPACE + ' sent to object: 'Object Repository/OrangeHRMPages/OrangeHRM_Search_OR/input_Admin_oxd-input oxd-input--focus'

31-01-2024T16:06:45 - [MESSAGE][PASSED] - commonUtils.Utils.clearText is PASSED

31-01-2024T16:06:45 - [MESSAGE][PASSED] - Method 'setupTestCase' complete successfully

31-01-2024T16:06:45 - [TEST_STEP][PASSED] - setText(findTestObject("Object Repository/OrangeHRMPages/OrangeHRM_Search_OR/input_Admin_oxd-input oxd-input--focus"), searchItem): Text 'Performance' is set on object 'Object Repository/OrangeHRMPages/OrangeHRM_Search_OR/input_Admin_oxd-input oxd-input--focus'

31-01-2024T16:06:45 - [MESSAGE][PASSED] - Text 'Performance' is set on object 'Object Repository/OrangeHRMPages/OrangeHRM_Search_OR/input_Admin_oxd-input oxd-input--focus'

31-01-2024T16:06:45 - [TEST_STEP][PASSED] - verifyElementText(findTestObject("Object Repository/OrangeHRMPages/OrangeHRM_Search_OR/span_search"), searchItem): Actual text and expected text of test object 'Object Repository/OrangeHRMPages/OrangeHRM_Search_OR/span_search' are matched.

31-01-2024T16:06:46 - [MESSAGE][PASSED] - Actual text and expected text of test object 'Object Repository/OrangeHRMPages/OrangeHRM_Search_OR/span_search' are matched.]]></system-out>
         <system-err><![CDATA[]]></system-err>
      </testcase>
      <testcase name="Test Cases/Data Driven/TC_OrangeHRM_Search_004" time="1.626" classname="Test Cases/Data Driven/TC_OrangeHRM_Search_004" status="PASSED">
         <system-out><![CDATA[31-01-2024T16:06:46 - [TEST_CASE][PASSED] - Test Cases/Data Driven/TC_OrangeHRM_Search_004: Test Cases/Data Driven/TC_OrangeHRM_Search_004

31-01-2024T16:06:46 - [TEST_STEP][PASSED] - Start setup action : setupTestCase: Method 'setupTestCase' complete successfully

31-01-2024T16:06:46 - [TEST_STEP][PASSED] - commonUtils.Utils.clearText(findTestObject("OrangeHRMPages/OrangeHRM_Search_OR/input_Admin_oxd-input oxd-input--focus")): commonUtils.Utils.clearText is PASSED

31-01-2024T16:06:46 - [MESSAGE][PASSED] - Keys 'CONTROL + a' sent to object: 'Object Repository/OrangeHRMPages/OrangeHRM_Search_OR/input_Admin_oxd-input oxd-input--focus'

31-01-2024T16:06:46 - [MESSAGE][PASSED] - Keys 'BACK_SPACE + ' sent to object: 'Object Repository/OrangeHRMPages/OrangeHRM_Search_OR/input_Admin_oxd-input oxd-input--focus'

31-01-2024T16:06:46 - [MESSAGE][PASSED] - commonUtils.Utils.clearText is PASSED

31-01-2024T16:06:46 - [MESSAGE][PASSED] - Method 'setupTestCase' complete successfully

31-01-2024T16:06:46 - [TEST_STEP][PASSED] - setText(findTestObject("Object Repository/OrangeHRMPages/OrangeHRM_Search_OR/input_Admin_oxd-input oxd-input--focus"), searchItem): Text 'Dashboard' is set on object 'Object Repository/OrangeHRMPages/OrangeHRM_Search_OR/input_Admin_oxd-input oxd-input--focus'

31-01-2024T16:06:47 - [MESSAGE][PASSED] - Text 'Dashboard' is set on object 'Object Repository/OrangeHRMPages/OrangeHRM_Search_OR/input_Admin_oxd-input oxd-input--focus'

31-01-2024T16:06:47 - [TEST_STEP][PASSED] - verifyElementText(findTestObject("Object Repository/OrangeHRMPages/OrangeHRM_Search_OR/span_search"), searchItem): Actual text and expected text of test object 'Object Repository/OrangeHRMPages/OrangeHRM_Search_OR/span_search' are matched.

31-01-2024T16:06:48 - [MESSAGE][PASSED] - Actual text and expected text of test object 'Object Repository/OrangeHRMPages/OrangeHRM_Search_OR/span_search' are matched.]]></system-out>
         <system-err><![CDATA[]]></system-err>
      </testcase>
      <testcase name="Test Cases/Data Driven/TC_OrangeHRM_Search_004" time="1.643" classname="Test Cases/Data Driven/TC_OrangeHRM_Search_004" status="PASSED">
         <system-out><![CDATA[31-01-2024T16:06:48 - [TEST_CASE][PASSED] - Test Cases/Data Driven/TC_OrangeHRM_Search_004: Test Cases/Data Driven/TC_OrangeHRM_Search_004

31-01-2024T16:06:48 - [TEST_STEP][PASSED] - Start setup action : setupTestCase: Method 'setupTestCase' complete successfully

31-01-2024T16:06:48 - [TEST_STEP][PASSED] - commonUtils.Utils.clearText(findTestObject("OrangeHRMPages/OrangeHRM_Search_OR/input_Admin_oxd-input oxd-input--focus")): commonUtils.Utils.clearText is PASSED

31-01-2024T16:06:48 - [MESSAGE][PASSED] - Keys 'CONTROL + a' sent to object: 'Object Repository/OrangeHRMPages/OrangeHRM_Search_OR/input_Admin_oxd-input oxd-input--focus'

31-01-2024T16:06:48 - [MESSAGE][PASSED] - Keys 'BACK_SPACE + ' sent to object: 'Object Repository/OrangeHRMPages/OrangeHRM_Search_OR/input_Admin_oxd-input oxd-input--focus'

31-01-2024T16:06:48 - [MESSAGE][PASSED] - commonUtils.Utils.clearText is PASSED

31-01-2024T16:06:48 - [MESSAGE][PASSED] - Method 'setupTestCase' complete successfully

31-01-2024T16:06:48 - [TEST_STEP][PASSED] - setText(findTestObject("Object Repository/OrangeHRMPages/OrangeHRM_Search_OR/input_Admin_oxd-input oxd-input--focus"), searchItem): Text 'Directory' is set on object 'Object Repository/OrangeHRMPages/OrangeHRM_Search_OR/input_Admin_oxd-input oxd-input--focus'

31-01-2024T16:06:49 - [MESSAGE][PASSED] - Text 'Directory' is set on object 'Object Repository/OrangeHRMPages/OrangeHRM_Search_OR/input_Admin_oxd-input oxd-input--focus'

31-01-2024T16:06:49 - [TEST_STEP][PASSED] - verifyElementText(findTestObject("Object Repository/OrangeHRMPages/OrangeHRM_Search_OR/span_search"), searchItem): Actual text and expected text of test object 'Object Repository/OrangeHRMPages/OrangeHRM_Search_OR/span_search' are matched.

31-01-2024T16:06:49 - [MESSAGE][PASSED] - Actual text and expected text of test object 'Object Repository/OrangeHRMPages/OrangeHRM_Search_OR/span_search' are matched.]]></system-out>
         <system-err><![CDATA[]]></system-err>
      </testcase>
      <testcase name="Test Cases/Data Driven/TC_OrangeHRM_Search_004" time="1.628" classname="Test Cases/Data Driven/TC_OrangeHRM_Search_004" status="PASSED">
         <system-out><![CDATA[31-01-2024T16:06:49 - [TEST_CASE][PASSED] - Test Cases/Data Driven/TC_OrangeHRM_Search_004: Test Cases/Data Driven/TC_OrangeHRM_Search_004

31-01-2024T16:06:49 - [TEST_STEP][PASSED] - Start setup action : setupTestCase: Method 'setupTestCase' complete successfully

31-01-2024T16:06:49 - [TEST_STEP][PASSED] - commonUtils.Utils.clearText(findTestObject("OrangeHRMPages/OrangeHRM_Search_OR/input_Admin_oxd-input oxd-input--focus")): commonUtils.Utils.clearText is PASSED

31-01-2024T16:06:49 - [MESSAGE][PASSED] - Keys 'CONTROL + a' sent to object: 'Object Repository/OrangeHRMPages/OrangeHRM_Search_OR/input_Admin_oxd-input oxd-input--focus'

31-01-2024T16:06:50 - [MESSAGE][PASSED] - Keys 'BACK_SPACE + ' sent to object: 'Object Repository/OrangeHRMPages/OrangeHRM_Search_OR/input_Admin_oxd-input oxd-input--focus'

31-01-2024T16:06:50 - [MESSAGE][PASSED] - commonUtils.Utils.clearText is PASSED

31-01-2024T16:06:50 - [MESSAGE][PASSED] - Method 'setupTestCase' complete successfully

31-01-2024T16:06:50 - [TEST_STEP][PASSED] - setText(findTestObject("Object Repository/OrangeHRMPages/OrangeHRM_Search_OR/input_Admin_oxd-input oxd-input--focus"), searchItem): Text 'Maintenance' is set on object 'Object Repository/OrangeHRMPages/OrangeHRM_Search_OR/input_Admin_oxd-input oxd-input--focus'

31-01-2024T16:06:50 - [MESSAGE][PASSED] - Text 'Maintenance' is set on object 'Object Repository/OrangeHRMPages/OrangeHRM_Search_OR/input_Admin_oxd-input oxd-input--focus'

31-01-2024T16:06:50 - [TEST_STEP][PASSED] - verifyElementText(findTestObject("Object Repository/OrangeHRMPages/OrangeHRM_Search_OR/span_search"), searchItem): Actual text and expected text of test object 'Object Repository/OrangeHRMPages/OrangeHRM_Search_OR/span_search' are matched.

31-01-2024T16:06:51 - [MESSAGE][PASSED] - Actual text and expected text of test object 'Object Repository/OrangeHRMPages/OrangeHRM_Search_OR/span_search' are matched.]]></system-out>
         <system-err><![CDATA[]]></system-err>
      </testcase>
      <testcase name="Test Cases/Data Driven/TC_OrangeHRM_Search_004" time="1.651" classname="Test Cases/Data Driven/TC_OrangeHRM_Search_004" status="PASSED">
         <system-out><![CDATA[31-01-2024T16:06:51 - [TEST_CASE][PASSED] - Test Cases/Data Driven/TC_OrangeHRM_Search_004: Test Cases/Data Driven/TC_OrangeHRM_Search_004

31-01-2024T16:06:51 - [TEST_STEP][PASSED] - Start setup action : setupTestCase: Method 'setupTestCase' complete successfully

31-01-2024T16:06:51 - [TEST_STEP][PASSED] - commonUtils.Utils.clearText(findTestObject("OrangeHRMPages/OrangeHRM_Search_OR/input_Admin_oxd-input oxd-input--focus")): commonUtils.Utils.clearText is PASSED

31-01-2024T16:06:51 - [MESSAGE][PASSED] - Keys 'CONTROL + a' sent to object: 'Object Repository/OrangeHRMPages/OrangeHRM_Search_OR/input_Admin_oxd-input oxd-input--focus'

31-01-2024T16:06:51 - [MESSAGE][PASSED] - Keys 'BACK_SPACE + ' sent to object: 'Object Repository/OrangeHRMPages/OrangeHRM_Search_OR/input_Admin_oxd-input oxd-input--focus'

31-01-2024T16:06:51 - [MESSAGE][PASSED] - commonUtils.Utils.clearText is PASSED

31-01-2024T16:06:51 - [MESSAGE][PASSED] - Method 'setupTestCase' complete successfully

31-01-2024T16:06:51 - [TEST_STEP][PASSED] - setText(findTestObject("Object Repository/OrangeHRMPages/OrangeHRM_Search_OR/input_Admin_oxd-input oxd-input--focus"), searchItem): Text 'Claim' is set on object 'Object Repository/OrangeHRMPages/OrangeHRM_Search_OR/input_Admin_oxd-input oxd-input--focus'

31-01-2024T16:06:52 - [MESSAGE][PASSED] - Text 'Claim' is set on object 'Object Repository/OrangeHRMPages/OrangeHRM_Search_OR/input_Admin_oxd-input oxd-input--focus'

31-01-2024T16:06:52 - [TEST_STEP][PASSED] - verifyElementText(findTestObject("Object Repository/OrangeHRMPages/OrangeHRM_Search_OR/span_search"), searchItem): Actual text and expected text of test object 'Object Repository/OrangeHRMPages/OrangeHRM_Search_OR/span_search' are matched.

31-01-2024T16:06:52 - [MESSAGE][PASSED] - Actual text and expected text of test object 'Object Repository/OrangeHRMPages/OrangeHRM_Search_OR/span_search' are matched.]]></system-out>
         <system-err><![CDATA[]]></system-err>
      </testcase>
      <testcase name="Test Cases/Data Driven/TC_OrangeHRM_Search_004" time="1.624" classname="Test Cases/Data Driven/TC_OrangeHRM_Search_004" status="PASSED">
         <system-out><![CDATA[31-01-2024T16:06:52 - [TEST_CASE][PASSED] - Test Cases/Data Driven/TC_OrangeHRM_Search_004: Test Cases/Data Driven/TC_OrangeHRM_Search_004

31-01-2024T16:06:52 - [TEST_STEP][PASSED] - Start setup action : setupTestCase: Method 'setupTestCase' complete successfully

31-01-2024T16:06:52 - [TEST_STEP][PASSED] - commonUtils.Utils.clearText(findTestObject("OrangeHRMPages/OrangeHRM_Search_OR/input_Admin_oxd-input oxd-input--focus")): commonUtils.Utils.clearText is PASSED

31-01-2024T16:06:53 - [MESSAGE][PASSED] - Keys 'CONTROL + a' sent to object: 'Object Repository/OrangeHRMPages/OrangeHRM_Search_OR/input_Admin_oxd-input oxd-input--focus'

31-01-2024T16:06:53 - [MESSAGE][PASSED] - Keys 'BACK_SPACE + ' sent to object: 'Object Repository/OrangeHRMPages/OrangeHRM_Search_OR/input_Admin_oxd-input oxd-input--focus'

31-01-2024T16:06:53 - [MESSAGE][PASSED] - commonUtils.Utils.clearText is PASSED

31-01-2024T16:06:53 - [MESSAGE][PASSED] - Method 'setupTestCase' complete successfully

31-01-2024T16:06:53 - [TEST_STEP][PASSED] - setText(findTestObject("Object Repository/OrangeHRMPages/OrangeHRM_Search_OR/input_Admin_oxd-input oxd-input--focus"), searchItem): Text 'Buzz' is set on object 'Object Repository/OrangeHRMPages/OrangeHRM_Search_OR/input_Admin_oxd-input oxd-input--focus'

31-01-2024T16:06:54 - [MESSAGE][PASSED] - Text 'Buzz' is set on object 'Object Repository/OrangeHRMPages/OrangeHRM_Search_OR/input_Admin_oxd-input oxd-input--focus'

31-01-2024T16:06:54 - [TEST_STEP][PASSED] - verifyElementText(findTestObject("Object Repository/OrangeHRMPages/OrangeHRM_Search_OR/span_search"), searchItem): Actual text and expected text of test object 'Object Repository/OrangeHRMPages/OrangeHRM_Search_OR/span_search' are matched.

31-01-2024T16:06:54 - [MESSAGE][PASSED] - Actual text and expected text of test object 'Object Repository/OrangeHRMPages/OrangeHRM_Search_OR/span_search' are matched.]]></system-out>
         <system-err><![CDATA[]]></system-err>
      </testcase>
      <system-out><![CDATA[31-01-2024T16:05:32 - [TEST_SUITE][PASSED] - OrangeHRM_TestSuite_Search_002: Test Cases/Data Driven/TC_OrangeHRM_Search_004]]></system-out>
      <system-err><![CDATA[]]></system-err>
   </testsuite>
</testsuites>
